{"/Users/yuktarthnaman/Juris-Genie/packages/core/scripts/cross-runtime-verify.mjs": {"path":"/Users/yuktarthnaman/Juris-Genie/packages/core/scripts/cross-runtime-verify.mjs","all":true,"statementMap":{"0":{"start":{"line":1,"column":0},"end":{"line":1,"column":3}},"1":{"start":{"line":2,"column":0},"end":{"line":2,"column":41}},"2":{"start":{"line":3,"column":0},"end":{"line":3,"column":2}},"3":{"start":{"line":4,"column":0},"end":{"line":4,"column":71}},"4":{"start":{"line":5,"column":0},"end":{"line":5,"column":72}},"5":{"start":{"line":6,"column":0},"end":{"line":6,"column":2}},"6":{"start":{"line":7,"column":0},"end":{"line":7,"column":9}},"7":{"start":{"line":8,"column":0},"end":{"line":8,"column":116}},"8":{"start":{"line":9,"column":0},"end":{"line":9,"column":58}},"9":{"start":{"line":10,"column":0},"end":{"line":10,"column":73}},"10":{"start":{"line":11,"column":0},"end":{"line":11,"column":2}},"11":{"start":{"line":12,"column":0},"end":{"line":12,"column":61}},"12":{"start":{"line":13,"column":0},"end":{"line":13,"column":3}},"13":{"start":{"line":14,"column":0},"end":{"line":14,"column":0}},"14":{"start":{"line":15,"column":0},"end":{"line":15,"column":64}},"15":{"start":{"line":16,"column":0},"end":{"line":16,"column":41}},"16":{"start":{"line":17,"column":0},"end":{"line":17,"column":0}},"17":{"start":{"line":18,"column":0},"end":{"line":18,"column":80}},"18":{"start":{"line":19,"column":0},"end":{"line":19,"column":28}},"19":{"start":{"line":20,"column":0},"end":{"line":20,"column":50}},"20":{"start":{"line":21,"column":0},"end":{"line":21,"column":47}},"21":{"start":{"line":22,"column":0},"end":{"line":22,"column":41}},"22":{"start":{"line":23,"column":0},"end":{"line":23,"column":38}},"23":{"start":{"line":24,"column":0},"end":{"line":24,"column":48}},"24":{"start":{"line":25,"column":0},"end":{"line":25,"column":38}},"25":{"start":{"line":26,"column":0},"end":{"line":26,"column":1}},"26":{"start":{"line":27,"column":0},"end":{"line":27,"column":0}},"27":{"start":{"line":28,"column":0},"end":{"line":28,"column":34}},"28":{"start":{"line":29,"column":0},"end":{"line":29,"column":81}},"29":{"start":{"line":30,"column":0},"end":{"line":30,"column":73}},"30":{"start":{"line":31,"column":0},"end":{"line":31,"column":19}},"31":{"start":{"line":32,"column":0},"end":{"line":32,"column":41}},"32":{"start":{"line":33,"column":0},"end":{"line":33,"column":36}},"33":{"start":{"line":34,"column":0},"end":{"line":34,"column":48}},"34":{"start":{"line":35,"column":0},"end":{"line":35,"column":5}},"35":{"start":{"line":36,"column":0},"end":{"line":36,"column":15}},"36":{"start":{"line":37,"column":0},"end":{"line":37,"column":1}},"37":{"start":{"line":38,"column":0},"end":{"line":38,"column":0}},"38":{"start":{"line":39,"column":0},"end":{"line":39,"column":26}},"39":{"start":{"line":40,"column":0},"end":{"line":40,"column":60}},"40":{"start":{"line":41,"column":0},"end":{"line":41,"column":44}},"41":{"start":{"line":42,"column":0},"end":{"line":42,"column":55}},"42":{"start":{"line":43,"column":0},"end":{"line":43,"column":19}},"43":{"start":{"line":44,"column":0},"end":{"line":44,"column":41}},"44":{"start":{"line":45,"column":0},"end":{"line":45,"column":39}},"45":{"start":{"line":46,"column":0},"end":{"line":46,"column":42}},"46":{"start":{"line":47,"column":0},"end":{"line":47,"column":5}},"47":{"start":{"line":48,"column":0},"end":{"line":48,"column":15}},"48":{"start":{"line":49,"column":0},"end":{"line":49,"column":1}},"49":{"start":{"line":50,"column":0},"end":{"line":50,"column":0}},"50":{"start":{"line":51,"column":0},"end":{"line":51,"column":24}},"51":{"start":{"line":52,"column":0},"end":{"line":52,"column":81}},"52":{"start":{"line":53,"column":0},"end":{"line":53,"column":53}},"53":{"start":{"line":54,"column":0},"end":{"line":54,"column":19}},"54":{"start":{"line":55,"column":0},"end":{"line":55,"column":48}},"55":{"start":{"line":56,"column":0},"end":{"line":56,"column":38}},"56":{"start":{"line":57,"column":0},"end":{"line":57,"column":5}},"57":{"start":{"line":58,"column":0},"end":{"line":58,"column":15}},"58":{"start":{"line":59,"column":0},"end":{"line":59,"column":1}},"59":{"start":{"line":60,"column":0},"end":{"line":60,"column":0}},"60":{"start":{"line":61,"column":0},"end":{"line":61,"column":32}},"61":{"start":{"line":62,"column":0},"end":{"line":62,"column":61}},"62":{"start":{"line":63,"column":0},"end":{"line":63,"column":81}},"63":{"start":{"line":64,"column":0},"end":{"line":64,"column":61}},"64":{"start":{"line":65,"column":0},"end":{"line":65,"column":19}},"65":{"start":{"line":66,"column":0},"end":{"line":66,"column":41}},"66":{"start":{"line":67,"column":0},"end":{"line":67,"column":63}},"67":{"start":{"line":68,"column":0},"end":{"line":68,"column":5}},"68":{"start":{"line":69,"column":0},"end":{"line":69,"column":15}},"69":{"start":{"line":70,"column":0},"end":{"line":70,"column":1}},"70":{"start":{"line":71,"column":0},"end":{"line":71,"column":0}},"71":{"start":{"line":72,"column":0},"end":{"line":72,"column":23}},"72":{"start":{"line":73,"column":0},"end":{"line":73,"column":67}},"73":{"start":{"line":74,"column":0},"end":{"line":74,"column":1}},"74":{"start":{"line":75,"column":0},"end":{"line":75,"column":0}},"75":{"start":{"line":76,"column":0},"end":{"line":76,"column":80}},"76":{"start":{"line":77,"column":0},"end":{"line":77,"column":0}},"77":{"start":{"line":78,"column":0},"end":{"line":78,"column":17}},"78":{"start":{"line":79,"column":0},"end":{"line":79,"column":5}},"79":{"start":{"line":80,"column":0},"end":{"line":80,"column":29}},"80":{"start":{"line":81,"column":0},"end":{"line":81,"column":18}},"81":{"start":{"line":82,"column":0},"end":{"line":82,"column":6}},"82":{"start":{"line":83,"column":0},"end":{"line":83,"column":5}},"83":{"start":{"line":84,"column":0},"end":{"line":84,"column":32}},"84":{"start":{"line":85,"column":0},"end":{"line":85,"column":16}},"85":{"start":{"line":86,"column":0},"end":{"line":86,"column":31}},"86":{"start":{"line":87,"column":0},"end":{"line":87,"column":34}},"87":{"start":{"line":88,"column":0},"end":{"line":88,"column":42}},"88":{"start":{"line":89,"column":0},"end":{"line":89,"column":54}},"89":{"start":{"line":90,"column":0},"end":{"line":90,"column":22}},"90":{"start":{"line":91,"column":0},"end":{"line":91,"column":177}},"91":{"start":{"line":92,"column":0},"end":{"line":92,"column":176}},"92":{"start":{"line":93,"column":0},"end":{"line":93,"column":14}},"93":{"start":{"line":94,"column":0},"end":{"line":94,"column":23}},"94":{"start":{"line":95,"column":0},"end":{"line":95,"column":31}},"95":{"start":{"line":96,"column":0},"end":{"line":96,"column":38}},"96":{"start":{"line":97,"column":0},"end":{"line":97,"column":33}},"97":{"start":{"line":98,"column":0},"end":{"line":98,"column":43}},"98":{"start":{"line":99,"column":0},"end":{"line":99,"column":32}},"99":{"start":{"line":100,"column":0},"end":{"line":100,"column":27}},"100":{"start":{"line":101,"column":0},"end":{"line":101,"column":31}},"101":{"start":{"line":102,"column":0},"end":{"line":102,"column":34}},"102":{"start":{"line":103,"column":0},"end":{"line":103,"column":45}},"103":{"start":{"line":104,"column":0},"end":{"line":104,"column":65}},"104":{"start":{"line":105,"column":0},"end":{"line":105,"column":15}},"105":{"start":{"line":106,"column":0},"end":{"line":106,"column":45}},"106":{"start":{"line":107,"column":0},"end":{"line":107,"column":55}},"107":{"start":{"line":108,"column":0},"end":{"line":108,"column":28}},"108":{"start":{"line":109,"column":0},"end":{"line":109,"column":30}},"109":{"start":{"line":110,"column":0},"end":{"line":110,"column":41}},"110":{"start":{"line":111,"column":0},"end":{"line":111,"column":21}},"111":{"start":{"line":112,"column":0},"end":{"line":112,"column":61}},"112":{"start":{"line":113,"column":0},"end":{"line":113,"column":61}},"113":{"start":{"line":114,"column":0},"end":{"line":114,"column":10}},"114":{"start":{"line":115,"column":0},"end":{"line":115,"column":6}},"115":{"start":{"line":116,"column":0},"end":{"line":116,"column":5}},"116":{"start":{"line":117,"column":0},"end":{"line":117,"column":42}},"117":{"start":{"line":118,"column":0},"end":{"line":118,"column":16}},"118":{"start":{"line":119,"column":0},"end":{"line":119,"column":57}},"119":{"start":{"line":120,"column":0},"end":{"line":120,"column":56}},"120":{"start":{"line":121,"column":0},"end":{"line":121,"column":10}},"121":{"start":{"line":122,"column":0},"end":{"line":122,"column":6}},"122":{"start":{"line":123,"column":0},"end":{"line":123,"column":5}},"123":{"start":{"line":124,"column":0},"end":{"line":124,"column":31}},"124":{"start":{"line":125,"column":0},"end":{"line":125,"column":16}},"125":{"start":{"line":126,"column":0},"end":{"line":126,"column":17}},"126":{"start":{"line":127,"column":0},"end":{"line":127,"column":20}},"127":{"start":{"line":128,"column":0},"end":{"line":128,"column":39}},"128":{"start":{"line":129,"column":0},"end":{"line":129,"column":10}},"129":{"start":{"line":130,"column":0},"end":{"line":130,"column":6}},"130":{"start":{"line":131,"column":0},"end":{"line":131,"column":5}},"131":{"start":{"line":132,"column":0},"end":{"line":132,"column":30}},"132":{"start":{"line":133,"column":0},"end":{"line":133,"column":16}},"133":{"start":{"line":134,"column":0},"end":{"line":134,"column":17}},"134":{"start":{"line":135,"column":0},"end":{"line":135,"column":17}},"135":{"start":{"line":136,"column":0},"end":{"line":136,"column":30}},"136":{"start":{"line":137,"column":0},"end":{"line":137,"column":10}},"137":{"start":{"line":138,"column":0},"end":{"line":138,"column":6}},"138":{"start":{"line":139,"column":0},"end":{"line":139,"column":2}},"139":{"start":{"line":140,"column":0},"end":{"line":140,"column":0}},"140":{"start":{"line":141,"column":0},"end":{"line":141,"column":80}},"141":{"start":{"line":142,"column":0},"end":{"line":142,"column":0}},"142":{"start":{"line":143,"column":0},"end":{"line":143,"column":80}},"143":{"start":{"line":144,"column":0},"end":{"line":144,"column":78}},"144":{"start":{"line":145,"column":0},"end":{"line":145,"column":80}},"145":{"start":{"line":146,"column":0},"end":{"line":146,"column":0}},"146":{"start":{"line":147,"column":0},"end":{"line":147,"column":43}},"147":{"start":{"line":148,"column":0},"end":{"line":148,"column":33}},"148":{"start":{"line":149,"column":0},"end":{"line":149,"column":32}},"149":{"start":{"line":150,"column":0},"end":{"line":150,"column":30}},"150":{"start":{"line":151,"column":0},"end":{"line":151,"column":36}},"151":{"start":{"line":152,"column":0},"end":{"line":152,"column":0}},"152":{"start":{"line":153,"column":0},"end":{"line":153,"column":50}},"153":{"start":{"line":154,"column":0},"end":{"line":154,"column":80}},"154":{"start":{"line":155,"column":0},"end":{"line":155,"column":0}},"155":{"start":{"line":156,"column":0},"end":{"line":156,"column":19}},"156":{"start":{"line":157,"column":0},"end":{"line":157,"column":26}},"157":{"start":{"line":158,"column":0},"end":{"line":158,"column":44}},"158":{"start":{"line":159,"column":0},"end":{"line":159,"column":35}},"159":{"start":{"line":160,"column":0},"end":{"line":160,"column":41}},"160":{"start":{"line":161,"column":0},"end":{"line":161,"column":74}},"161":{"start":{"line":162,"column":0},"end":{"line":162,"column":1}},"162":{"start":{"line":163,"column":0},"end":{"line":163,"column":0}},"163":{"start":{"line":164,"column":0},"end":{"line":164,"column":80}},"164":{"start":{"line":165,"column":0},"end":{"line":165,"column":79}},"165":{"start":{"line":166,"column":0},"end":{"line":166,"column":80}},"166":{"start":{"line":167,"column":0},"end":{"line":167,"column":0}},"167":{"start":{"line":168,"column":0},"end":{"line":168,"column":26}},"168":{"start":{"line":169,"column":0},"end":{"line":169,"column":44}},"169":{"start":{"line":170,"column":0},"end":{"line":170,"column":1}},"170":{"start":{"line":171,"column":0},"end":{"line":171,"column":0}},"171":{"start":{"line":172,"column":0},"end":{"line":172,"column":80}}},"s":{"0":0,"1":0,"2":0,"3":0,"4":0,"5":0,"6":0,"7":0,"8":0,"9":0,"10":0,"11":0,"12":0,"13":0,"14":0,"15":0,"16":0,"17":0,"18":0,"19":0,"20":0,"21":0,"22":0,"23":0,"24":0,"25":0,"26":0,"27":0,"28":0,"29":0,"30":0,"31":0,"32":0,"33":0,"34":0,"35":0,"36":0,"37":0,"38":0,"39":0,"40":0,"41":0,"42":0,"43":0,"44":0,"45":0,"46":0,"47":0,"48":0,"49":0,"50":0,"51":0,"52":0,"53":0,"54":0,"55":0,"56":0,"57":0,"58":0,"59":0,"60":0,"61":0,"62":0,"63":0,"64":0,"65":0,"66":0,"67":0,"68":0,"69":0,"70":0,"71":0,"72":0,"73":0,"74":0,"75":0,"76":0,"77":0,"78":0,"79":0,"80":0,"81":0,"82":0,"83":0,"84":0,"85":0,"86":0,"87":0,"88":0,"89":0,"90":0,"91":0,"92":0,"93":0,"94":0,"95":0,"96":0,"97":0,"98":0,"99":0,"100":0,"101":0,"102":0,"103":0,"104":0,"105":0,"106":0,"107":0,"108":0,"109":0,"110":0,"111":0,"112":0,"113":0,"114":0,"115":0,"116":0,"117":0,"118":0,"119":0,"120":0,"121":0,"122":0,"123":0,"124":0,"125":0,"126":0,"127":0,"128":0,"129":0,"130":0,"131":0,"132":0,"133":0,"134":0,"135":0,"136":0,"137":0,"138":0,"139":0,"140":0,"141":0,"142":0,"143":0,"144":0,"145":0,"146":0,"147":0,"148":0,"149":0,"150":0,"151":0,"152":0,"153":0,"154":0,"155":0,"156":0,"157":0,"158":0,"159":0,"160":0,"161":0,"162":0,"163":0,"164":0,"165":0,"166":0,"167":0,"168":0,"169":0,"170":0,"171":0},"branchMap":{"0":{"type":"branch","line":1,"loc":{"start":{"line":1,"column":0},"end":{"line":172,"column":-6}},"locations":[{"start":{"line":1,"column":0},"end":{"line":172,"column":-6}}]}},"b":{"0":[0]},"fnMap":{"0":{"name":"(empty-report)","decl":{"start":{"line":1,"column":0},"end":{"line":172,"column":-6}},"loc":{"start":{"line":1,"column":0},"end":{"line":172,"column":-6}},"line":1}},"f":{"0":0}}
,"/Users/yuktarthnaman/Juris-Genie/packages/core/src/hashing.ts": {"path":"/Users/yuktarthnaman/Juris-Genie/packages/core/src/hashing.ts","all":false,"statementMap":{"0":{"start":{"line":1,"column":0},"end":{"line":1,"column":3}},"1":{"start":{"line":2,"column":0},"end":{"line":2,"column":33}},"2":{"start":{"line":3,"column":0},"end":{"line":3,"column":2}},"3":{"start":{"line":4,"column":0},"end":{"line":4,"column":71}},"4":{"start":{"line":5,"column":0},"end":{"line":5,"column":29}},"5":{"start":{"line":6,"column":0},"end":{"line":6,"column":37}},"6":{"start":{"line":7,"column":0},"end":{"line":7,"column":28}},"7":{"start":{"line":8,"column":0},"end":{"line":8,"column":49}},"8":{"start":{"line":9,"column":0},"end":{"line":9,"column":2}},"9":{"start":{"line":10,"column":0},"end":{"line":10,"column":20}},"10":{"start":{"line":11,"column":0},"end":{"line":11,"column":38}},"11":{"start":{"line":12,"column":0},"end":{"line":12,"column":41}},"12":{"start":{"line":13,"column":0},"end":{"line":13,"column":91}},"13":{"start":{"line":14,"column":0},"end":{"line":14,"column":29}},"14":{"start":{"line":15,"column":0},"end":{"line":15,"column":3}},"15":{"start":{"line":16,"column":0},"end":{"line":16,"column":0}},"16":{"start":{"line":17,"column":0},"end":{"line":17,"column":36}},"17":{"start":{"line":18,"column":0},"end":{"line":18,"column":47}},"18":{"start":{"line":19,"column":0},"end":{"line":19,"column":0}},"19":{"start":{"line":20,"column":0},"end":{"line":20,"column":3}},"20":{"start":{"line":21,"column":0},"end":{"line":21,"column":72}},"21":{"start":{"line":22,"column":0},"end":{"line":22,"column":2}},"22":{"start":{"line":23,"column":0},"end":{"line":23,"column":79}},"23":{"start":{"line":24,"column":0},"end":{"line":24,"column":73}},"24":{"start":{"line":25,"column":0},"end":{"line":25,"column":64}},"25":{"start":{"line":26,"column":0},"end":{"line":26,"column":3}},"26":{"start":{"line":27,"column":0},"end":{"line":27,"column":51}},"27":{"start":{"line":28,"column":0},"end":{"line":28,"column":40}},"28":{"start":{"line":29,"column":0},"end":{"line":29,"column":38}},"29":{"start":{"line":30,"column":0},"end":{"line":30,"column":35}},"30":{"start":{"line":31,"column":0},"end":{"line":31,"column":30}},"31":{"start":{"line":32,"column":0},"end":{"line":32,"column":1}},"32":{"start":{"line":33,"column":0},"end":{"line":33,"column":0}},"33":{"start":{"line":34,"column":0},"end":{"line":34,"column":3}},"34":{"start":{"line":35,"column":0},"end":{"line":35,"column":73}},"35":{"start":{"line":36,"column":0},"end":{"line":36,"column":2}},"36":{"start":{"line":37,"column":0},"end":{"line":37,"column":66}},"37":{"start":{"line":38,"column":0},"end":{"line":38,"column":51}},"38":{"start":{"line":39,"column":0},"end":{"line":39,"column":63}},"39":{"start":{"line":40,"column":0},"end":{"line":40,"column":3}},"40":{"start":{"line":41,"column":0},"end":{"line":41,"column":73}},"41":{"start":{"line":42,"column":0},"end":{"line":42,"column":38}},"42":{"start":{"line":43,"column":0},"end":{"line":43,"column":37}},"43":{"start":{"line":44,"column":0},"end":{"line":44,"column":1}},"44":{"start":{"line":45,"column":0},"end":{"line":45,"column":0}},"45":{"start":{"line":46,"column":0},"end":{"line":46,"column":3}},"46":{"start":{"line":47,"column":0},"end":{"line":47,"column":57}},"47":{"start":{"line":48,"column":0},"end":{"line":48,"column":2}},"48":{"start":{"line":49,"column":0},"end":{"line":49,"column":39}},"49":{"start":{"line":50,"column":0},"end":{"line":50,"column":69}},"50":{"start":{"line":51,"column":0},"end":{"line":51,"column":3}},"51":{"start":{"line":52,"column":0},"end":{"line":52,"column":54}},"52":{"start":{"line":53,"column":0},"end":{"line":53,"column":39}},"53":{"start":{"line":54,"column":0},"end":{"line":54,"column":1}}},"s":{"0":1,"1":1,"2":1,"3":1,"4":1,"5":1,"6":1,"7":1,"8":1,"9":1,"10":1,"11":1,"12":1,"13":1,"14":1,"15":1,"16":1,"17":1,"18":1,"19":1,"20":1,"21":1,"22":1,"23":1,"24":1,"25":1,"26":1,"27":1732,"28":1732,"29":1732,"30":1732,"31":1732,"32":1,"33":1,"34":1,"35":1,"36":1,"37":1,"38":1,"39":1,"40":1,"41":201,"42":201,"43":201,"44":1,"45":1,"46":1,"47":1,"48":1,"49":1,"50":1,"51":1,"52":204,"53":204},"branchMap":{"0":{"type":"branch","line":27,"loc":{"start":{"line":27,"column":7},"end":{"line":32,"column":1}},"locations":[{"start":{"line":27,"column":7},"end":{"line":32,"column":1}}]},"1":{"type":"branch","line":41,"loc":{"start":{"line":41,"column":7},"end":{"line":44,"column":1}},"locations":[{"start":{"line":41,"column":7},"end":{"line":44,"column":1}}]},"2":{"type":"branch","line":52,"loc":{"start":{"line":52,"column":7},"end":{"line":54,"column":1}},"locations":[{"start":{"line":52,"column":7},"end":{"line":54,"column":1}}]}},"b":{"0":[1732],"1":[201],"2":[204]},"fnMap":{"0":{"name":"computeHash","decl":{"start":{"line":27,"column":7},"end":{"line":32,"column":1}},"loc":{"start":{"line":27,"column":7},"end":{"line":32,"column":1}},"line":27},"1":{"name":"verifyHash","decl":{"start":{"line":41,"column":7},"end":{"line":44,"column":1}},"loc":{"start":{"line":41,"column":7},"end":{"line":44,"column":1}},"line":41},"2":{"name":"isValidSHA256","decl":{"start":{"line":52,"column":7},"end":{"line":54,"column":1}},"loc":{"start":{"line":52,"column":7},"end":{"line":54,"column":1}},"line":52}},"f":{"0":1732,"1":201,"2":204}}
,"/Users/yuktarthnaman/Juris-Genie/packages/core/src/index.ts": {"path":"/Users/yuktarthnaman/Juris-Genie/packages/core/src/index.ts","all":false,"statementMap":{"0":{"start":{"line":1,"column":0},"end":{"line":1,"column":3}},"1":{"start":{"line":2,"column":0},"end":{"line":2,"column":32}},"2":{"start":{"line":3,"column":0},"end":{"line":3,"column":2}},"3":{"start":{"line":4,"column":0},"end":{"line":4,"column":28}},"4":{"start":{"line":5,"column":0},"end":{"line":5,"column":74}},"5":{"start":{"line":6,"column":0},"end":{"line":6,"column":3}},"6":{"start":{"line":7,"column":0},"end":{"line":7,"column":0}},"7":{"start":{"line":8,"column":0},"end":{"line":8,"column":24}},"8":{"start":{"line":9,"column":0},"end":{"line":9,"column":58}},"9":{"start":{"line":10,"column":0},"end":{"line":10,"column":67}},"10":{"start":{"line":11,"column":0},"end":{"line":11,"column":8}},"11":{"start":{"line":12,"column":0},"end":{"line":12,"column":21}},"12":{"start":{"line":13,"column":0},"end":{"line":13,"column":30}},"13":{"start":{"line":14,"column":0},"end":{"line":14,"column":20}},"14":{"start":{"line":15,"column":0},"end":{"line":15,"column":26}},"15":{"start":{"line":16,"column":0},"end":{"line":16,"column":25}},"16":{"start":{"line":17,"column":0},"end":{"line":17,"column":22}}},"s":{"0":1,"1":1,"2":1,"3":1,"4":1,"5":1,"6":1,"7":1,"8":1,"9":1,"10":1,"11":1,"12":1,"13":1,"14":1,"15":1,"16":1},"branchMap":{},"b":{},"fnMap":{},"f":{}}
,"/Users/yuktarthnaman/Juris-Genie/packages/core/src/invariants.ts": {"path":"/Users/yuktarthnaman/Juris-Genie/packages/core/src/invariants.ts","all":false,"statementMap":{"0":{"start":{"line":1,"column":0},"end":{"line":1,"column":3}},"1":{"start":{"line":2,"column":0},"end":{"line":2,"column":41}},"2":{"start":{"line":3,"column":0},"end":{"line":3,"column":2}},"3":{"start":{"line":4,"column":0},"end":{"line":4,"column":68}},"4":{"start":{"line":5,"column":0},"end":{"line":5,"column":64}},"5":{"start":{"line":6,"column":0},"end":{"line":6,"column":52}},"6":{"start":{"line":7,"column":0},"end":{"line":7,"column":2}},"7":{"start":{"line":8,"column":0},"end":{"line":8,"column":68}},"8":{"start":{"line":9,"column":0},"end":{"line":9,"column":3}},"9":{"start":{"line":10,"column":0},"end":{"line":10,"column":0}},"10":{"start":{"line":11,"column":0},"end":{"line":11,"column":8}},"11":{"start":{"line":12,"column":0},"end":{"line":12,"column":13}},"12":{"start":{"line":13,"column":0},"end":{"line":13,"column":18}},"13":{"start":{"line":14,"column":0},"end":{"line":14,"column":15}},"14":{"start":{"line":15,"column":0},"end":{"line":15,"column":17}},"15":{"start":{"line":16,"column":0},"end":{"line":16,"column":40}},"16":{"start":{"line":17,"column":0},"end":{"line":17,"column":42}},"17":{"start":{"line":18,"column":0},"end":{"line":18,"column":0}},"18":{"start":{"line":19,"column":0},"end":{"line":19,"column":38}},"19":{"start":{"line":20,"column":0},"end":{"line":20,"column":35}},"20":{"start":{"line":21,"column":0},"end":{"line":21,"column":28}},"21":{"start":{"line":22,"column":0},"end":{"line":22,"column":39}},"22":{"start":{"line":23,"column":0},"end":{"line":23,"column":1}},"23":{"start":{"line":24,"column":0},"end":{"line":24,"column":0}},"24":{"start":{"line":25,"column":0},"end":{"line":25,"column":36}},"25":{"start":{"line":26,"column":0},"end":{"line":26,"column":34}},"26":{"start":{"line":27,"column":0},"end":{"line":27,"column":31}},"27":{"start":{"line":28,"column":0},"end":{"line":28,"column":29}},"28":{"start":{"line":29,"column":0},"end":{"line":29,"column":28}},"29":{"start":{"line":30,"column":0},"end":{"line":30,"column":1}},"30":{"start":{"line":31,"column":0},"end":{"line":31,"column":0}},"31":{"start":{"line":32,"column":0},"end":{"line":32,"column":3}},"32":{"start":{"line":33,"column":0},"end":{"line":33,"column":49}},"33":{"start":{"line":34,"column":0},"end":{"line":34,"column":2}},"34":{"start":{"line":35,"column":0},"end":{"line":35,"column":45}},"35":{"start":{"line":36,"column":0},"end":{"line":36,"column":69}},"36":{"start":{"line":37,"column":0},"end":{"line":37,"column":3}},"37":{"start":{"line":38,"column":0},"end":{"line":38,"column":72}},"38":{"start":{"line":39,"column":0},"end":{"line":39,"column":41}},"39":{"start":{"line":40,"column":0},"end":{"line":40,"column":0}},"40":{"start":{"line":41,"column":0},"end":{"line":41,"column":33}},"41":{"start":{"line":42,"column":0},"end":{"line":42,"column":33}},"42":{"start":{"line":43,"column":0},"end":{"line":43,"column":33}},"43":{"start":{"line":44,"column":0},"end":{"line":44,"column":33}},"44":{"start":{"line":45,"column":0},"end":{"line":45,"column":33}},"45":{"start":{"line":46,"column":0},"end":{"line":46,"column":33}},"46":{"start":{"line":47,"column":0},"end":{"line":47,"column":33}},"47":{"start":{"line":48,"column":0},"end":{"line":48,"column":33}},"48":{"start":{"line":49,"column":0},"end":{"line":49,"column":33}},"49":{"start":{"line":50,"column":0},"end":{"line":50,"column":34}},"50":{"start":{"line":51,"column":0},"end":{"line":51,"column":34}},"51":{"start":{"line":52,"column":0},"end":{"line":52,"column":34}},"52":{"start":{"line":53,"column":0},"end":{"line":53,"column":34}},"53":{"start":{"line":54,"column":0},"end":{"line":54,"column":34}},"54":{"start":{"line":55,"column":0},"end":{"line":55,"column":34}},"55":{"start":{"line":56,"column":0},"end":{"line":56,"column":0}},"56":{"start":{"line":57,"column":0},"end":{"line":57,"column":50}},"57":{"start":{"line":58,"column":0},"end":{"line":58,"column":1}},"58":{"start":{"line":59,"column":0},"end":{"line":59,"column":0}},"59":{"start":{"line":60,"column":0},"end":{"line":60,"column":3}},"60":{"start":{"line":61,"column":0},"end":{"line":61,"column":74}},"61":{"start":{"line":62,"column":0},"end":{"line":62,"column":50}},"62":{"start":{"line":63,"column":0},"end":{"line":63,"column":3}},"63":{"start":{"line":64,"column":0},"end":{"line":64,"column":81}},"64":{"start":{"line":65,"column":0},"end":{"line":65,"column":41}},"65":{"start":{"line":66,"column":0},"end":{"line":66,"column":0}},"66":{"start":{"line":67,"column":0},"end":{"line":67,"column":33}},"67":{"start":{"line":68,"column":0},"end":{"line":68,"column":33}},"68":{"start":{"line":69,"column":0},"end":{"line":69,"column":33}},"69":{"start":{"line":70,"column":0},"end":{"line":70,"column":33}},"70":{"start":{"line":71,"column":0},"end":{"line":71,"column":33}},"71":{"start":{"line":72,"column":0},"end":{"line":72,"column":33}},"72":{"start":{"line":73,"column":0},"end":{"line":73,"column":33}},"73":{"start":{"line":74,"column":0},"end":{"line":74,"column":33}},"74":{"start":{"line":75,"column":0},"end":{"line":75,"column":33}},"75":{"start":{"line":76,"column":0},"end":{"line":76,"column":34}},"76":{"start":{"line":77,"column":0},"end":{"line":77,"column":34}},"77":{"start":{"line":78,"column":0},"end":{"line":78,"column":34}},"78":{"start":{"line":79,"column":0},"end":{"line":79,"column":34}},"79":{"start":{"line":80,"column":0},"end":{"line":80,"column":34}},"80":{"start":{"line":81,"column":0},"end":{"line":81,"column":0}},"81":{"start":{"line":82,"column":0},"end":{"line":82,"column":50}},"82":{"start":{"line":83,"column":0},"end":{"line":83,"column":1}},"83":{"start":{"line":84,"column":0},"end":{"line":84,"column":0}},"84":{"start":{"line":85,"column":0},"end":{"line":85,"column":30}},"85":{"start":{"line":86,"column":0},"end":{"line":86,"column":74}},"86":{"start":{"line":87,"column":0},"end":{"line":87,"column":59}},"87":{"start":{"line":88,"column":0},"end":{"line":88,"column":21}},"88":{"start":{"line":89,"column":0},"end":{"line":89,"column":28}},"89":{"start":{"line":90,"column":0},"end":{"line":90,"column":99}},"90":{"start":{"line":91,"column":0},"end":{"line":91,"column":29}},"91":{"start":{"line":92,"column":0},"end":{"line":92,"column":11}},"92":{"start":{"line":93,"column":0},"end":{"line":93,"column":5}},"93":{"start":{"line":94,"column":0},"end":{"line":94,"column":1}},"94":{"start":{"line":95,"column":0},"end":{"line":95,"column":0}},"95":{"start":{"line":96,"column":0},"end":{"line":96,"column":30}},"96":{"start":{"line":97,"column":0},"end":{"line":97,"column":74}},"97":{"start":{"line":98,"column":0},"end":{"line":98,"column":59}},"98":{"start":{"line":99,"column":0},"end":{"line":99,"column":21}},"99":{"start":{"line":100,"column":0},"end":{"line":100,"column":28}},"100":{"start":{"line":101,"column":0},"end":{"line":101,"column":98}},"101":{"start":{"line":102,"column":0},"end":{"line":102,"column":29}},"102":{"start":{"line":103,"column":0},"end":{"line":103,"column":11}},"103":{"start":{"line":104,"column":0},"end":{"line":104,"column":5}},"104":{"start":{"line":105,"column":0},"end":{"line":105,"column":1}},"105":{"start":{"line":106,"column":0},"end":{"line":106,"column":0}},"106":{"start":{"line":107,"column":0},"end":{"line":107,"column":41}},"107":{"start":{"line":108,"column":0},"end":{"line":108,"column":74}},"108":{"start":{"line":109,"column":0},"end":{"line":109,"column":34}},"109":{"start":{"line":110,"column":0},"end":{"line":110,"column":43}},"110":{"start":{"line":111,"column":0},"end":{"line":111,"column":32}},"111":{"start":{"line":112,"column":0},"end":{"line":112,"column":25}},"112":{"start":{"line":113,"column":0},"end":{"line":113,"column":32}},"113":{"start":{"line":114,"column":0},"end":{"line":114,"column":59}},"114":{"start":{"line":115,"column":0},"end":{"line":115,"column":33}},"115":{"start":{"line":116,"column":0},"end":{"line":116,"column":15}},"116":{"start":{"line":117,"column":0},"end":{"line":117,"column":9}},"117":{"start":{"line":118,"column":0},"end":{"line":118,"column":26}},"118":{"start":{"line":119,"column":0},"end":{"line":119,"column":5}},"119":{"start":{"line":120,"column":0},"end":{"line":120,"column":1}},"120":{"start":{"line":121,"column":0},"end":{"line":121,"column":0}},"121":{"start":{"line":122,"column":0},"end":{"line":122,"column":42}},"122":{"start":{"line":123,"column":0},"end":{"line":123,"column":74}},"123":{"start":{"line":124,"column":0},"end":{"line":124,"column":34}},"124":{"start":{"line":125,"column":0},"end":{"line":125,"column":44}},"125":{"start":{"line":126,"column":0},"end":{"line":126,"column":33}},"126":{"start":{"line":127,"column":0},"end":{"line":127,"column":25}},"127":{"start":{"line":128,"column":0},"end":{"line":128,"column":32}},"128":{"start":{"line":129,"column":0},"end":{"line":129,"column":61}},"129":{"start":{"line":130,"column":0},"end":{"line":130,"column":33}},"130":{"start":{"line":131,"column":0},"end":{"line":131,"column":15}},"131":{"start":{"line":132,"column":0},"end":{"line":132,"column":9}},"132":{"start":{"line":133,"column":0},"end":{"line":133,"column":27}},"133":{"start":{"line":134,"column":0},"end":{"line":134,"column":5}},"134":{"start":{"line":135,"column":0},"end":{"line":135,"column":1}},"135":{"start":{"line":136,"column":0},"end":{"line":136,"column":0}},"136":{"start":{"line":137,"column":0},"end":{"line":137,"column":81}},"137":{"start":{"line":138,"column":0},"end":{"line":138,"column":74}},"138":{"start":{"line":139,"column":0},"end":{"line":139,"column":64}},"139":{"start":{"line":140,"column":0},"end":{"line":140,"column":44}},"140":{"start":{"line":141,"column":0},"end":{"line":141,"column":54}},"141":{"start":{"line":142,"column":0},"end":{"line":142,"column":51}},"142":{"start":{"line":143,"column":0},"end":{"line":143,"column":29}},"143":{"start":{"line":144,"column":0},"end":{"line":144,"column":36}},"144":{"start":{"line":145,"column":0},"end":{"line":145,"column":107}},"145":{"start":{"line":146,"column":0},"end":{"line":146,"column":86}},"146":{"start":{"line":147,"column":0},"end":{"line":147,"column":19}},"147":{"start":{"line":148,"column":0},"end":{"line":148,"column":13}},"148":{"start":{"line":149,"column":0},"end":{"line":149,"column":53}},"149":{"start":{"line":150,"column":0},"end":{"line":150,"column":29}},"150":{"start":{"line":151,"column":0},"end":{"line":151,"column":36}},"151":{"start":{"line":152,"column":0},"end":{"line":152,"column":111}},"152":{"start":{"line":153,"column":0},"end":{"line":153,"column":88}},"153":{"start":{"line":154,"column":0},"end":{"line":154,"column":19}},"154":{"start":{"line":155,"column":0},"end":{"line":155,"column":13}},"155":{"start":{"line":156,"column":0},"end":{"line":156,"column":9}},"156":{"start":{"line":157,"column":0},"end":{"line":157,"column":5}},"157":{"start":{"line":158,"column":0},"end":{"line":158,"column":1}},"158":{"start":{"line":159,"column":0},"end":{"line":159,"column":0}},"159":{"start":{"line":160,"column":0},"end":{"line":160,"column":55}},"160":{"start":{"line":161,"column":0},"end":{"line":161,"column":74}},"161":{"start":{"line":162,"column":0},"end":{"line":162,"column":64}},"162":{"start":{"line":163,"column":0},"end":{"line":163,"column":44}},"163":{"start":{"line":164,"column":0},"end":{"line":164,"column":44}},"164":{"start":{"line":165,"column":0},"end":{"line":165,"column":46}},"165":{"start":{"line":166,"column":0},"end":{"line":166,"column":29}},"166":{"start":{"line":167,"column":0},"end":{"line":167,"column":36}},"167":{"start":{"line":168,"column":0},"end":{"line":168,"column":92}},"168":{"start":{"line":169,"column":0},"end":{"line":169,"column":76}},"169":{"start":{"line":170,"column":0},"end":{"line":170,"column":19}},"170":{"start":{"line":171,"column":0},"end":{"line":171,"column":13}},"171":{"start":{"line":172,"column":0},"end":{"line":172,"column":9}},"172":{"start":{"line":173,"column":0},"end":{"line":173,"column":5}},"173":{"start":{"line":174,"column":0},"end":{"line":174,"column":1}},"174":{"start":{"line":175,"column":0},"end":{"line":175,"column":0}},"175":{"start":{"line":176,"column":0},"end":{"line":176,"column":59}},"176":{"start":{"line":177,"column":0},"end":{"line":177,"column":74}},"177":{"start":{"line":178,"column":0},"end":{"line":178,"column":31}},"178":{"start":{"line":179,"column":0},"end":{"line":179,"column":61}},"179":{"start":{"line":180,"column":0},"end":{"line":180,"column":25}},"180":{"start":{"line":181,"column":0},"end":{"line":181,"column":32}},"181":{"start":{"line":182,"column":0},"end":{"line":182,"column":120}},"182":{"start":{"line":183,"column":0},"end":{"line":183,"column":40}},"183":{"start":{"line":184,"column":0},"end":{"line":184,"column":15}},"184":{"start":{"line":185,"column":0},"end":{"line":185,"column":9}},"185":{"start":{"line":186,"column":0},"end":{"line":186,"column":5}},"186":{"start":{"line":187,"column":0},"end":{"line":187,"column":1}},"187":{"start":{"line":188,"column":0},"end":{"line":188,"column":0}},"188":{"start":{"line":189,"column":0},"end":{"line":189,"column":67}},"189":{"start":{"line":190,"column":0},"end":{"line":190,"column":74}},"190":{"start":{"line":191,"column":0},"end":{"line":191,"column":61}},"191":{"start":{"line":192,"column":0},"end":{"line":192,"column":51}},"192":{"start":{"line":193,"column":0},"end":{"line":193,"column":47}},"193":{"start":{"line":194,"column":0},"end":{"line":194,"column":46}},"194":{"start":{"line":195,"column":0},"end":{"line":195,"column":25}},"195":{"start":{"line":196,"column":0},"end":{"line":196,"column":32}},"196":{"start":{"line":197,"column":0},"end":{"line":197,"column":112}},"197":{"start":{"line":198,"column":0},"end":{"line":198,"column":39}},"198":{"start":{"line":199,"column":0},"end":{"line":199,"column":15}},"199":{"start":{"line":200,"column":0},"end":{"line":200,"column":9}},"200":{"start":{"line":201,"column":0},"end":{"line":201,"column":5}},"201":{"start":{"line":202,"column":0},"end":{"line":202,"column":1}},"202":{"start":{"line":203,"column":0},"end":{"line":203,"column":0}},"203":{"start":{"line":204,"column":0},"end":{"line":204,"column":48}},"204":{"start":{"line":205,"column":0},"end":{"line":205,"column":74}},"205":{"start":{"line":206,"column":0},"end":{"line":206,"column":44}},"206":{"start":{"line":207,"column":0},"end":{"line":207,"column":89}},"207":{"start":{"line":208,"column":0},"end":{"line":208,"column":57}},"208":{"start":{"line":209,"column":0},"end":{"line":209,"column":25}},"209":{"start":{"line":210,"column":0},"end":{"line":210,"column":32}},"210":{"start":{"line":211,"column":0},"end":{"line":211,"column":128}},"211":{"start":{"line":212,"column":0},"end":{"line":212,"column":31}},"212":{"start":{"line":213,"column":0},"end":{"line":213,"column":15}},"213":{"start":{"line":214,"column":0},"end":{"line":214,"column":9}},"214":{"start":{"line":215,"column":0},"end":{"line":215,"column":5}},"215":{"start":{"line":216,"column":0},"end":{"line":216,"column":1}},"216":{"start":{"line":217,"column":0},"end":{"line":217,"column":0}},"217":{"start":{"line":218,"column":0},"end":{"line":218,"column":48}},"218":{"start":{"line":219,"column":0},"end":{"line":219,"column":75}},"219":{"start":{"line":220,"column":0},"end":{"line":220,"column":24}},"220":{"start":{"line":221,"column":0},"end":{"line":221,"column":47}},"221":{"start":{"line":222,"column":0},"end":{"line":222,"column":41}},"222":{"start":{"line":223,"column":0},"end":{"line":223,"column":25}},"223":{"start":{"line":224,"column":0},"end":{"line":224,"column":33}},"224":{"start":{"line":225,"column":0},"end":{"line":225,"column":90}},"225":{"start":{"line":226,"column":0},"end":{"line":226,"column":30}},"226":{"start":{"line":227,"column":0},"end":{"line":227,"column":15}},"227":{"start":{"line":228,"column":0},"end":{"line":228,"column":9}},"228":{"start":{"line":229,"column":0},"end":{"line":229,"column":5}},"229":{"start":{"line":230,"column":0},"end":{"line":230,"column":1}},"230":{"start":{"line":231,"column":0},"end":{"line":231,"column":0}},"231":{"start":{"line":232,"column":0},"end":{"line":232,"column":69}},"232":{"start":{"line":233,"column":0},"end":{"line":233,"column":75}},"233":{"start":{"line":234,"column":0},"end":{"line":234,"column":82}},"234":{"start":{"line":235,"column":0},"end":{"line":235,"column":53}},"235":{"start":{"line":236,"column":0},"end":{"line":236,"column":25}},"236":{"start":{"line":237,"column":0},"end":{"line":237,"column":33}},"237":{"start":{"line":238,"column":0},"end":{"line":238,"column":102}},"238":{"start":{"line":239,"column":0},"end":{"line":239,"column":39}},"239":{"start":{"line":240,"column":0},"end":{"line":240,"column":15}},"240":{"start":{"line":241,"column":0},"end":{"line":241,"column":9}},"241":{"start":{"line":242,"column":0},"end":{"line":242,"column":5}},"242":{"start":{"line":243,"column":0},"end":{"line":243,"column":1}},"243":{"start":{"line":244,"column":0},"end":{"line":244,"column":0}},"244":{"start":{"line":245,"column":0},"end":{"line":245,"column":40}},"245":{"start":{"line":246,"column":0},"end":{"line":246,"column":75}},"246":{"start":{"line":247,"column":0},"end":{"line":247,"column":47}},"247":{"start":{"line":248,"column":0},"end":{"line":248,"column":21}},"248":{"start":{"line":249,"column":0},"end":{"line":249,"column":29}},"249":{"start":{"line":250,"column":0},"end":{"line":250,"column":87}},"250":{"start":{"line":251,"column":0},"end":{"line":251,"column":26}},"251":{"start":{"line":252,"column":0},"end":{"line":252,"column":11}},"252":{"start":{"line":253,"column":0},"end":{"line":253,"column":5}},"253":{"start":{"line":254,"column":0},"end":{"line":254,"column":1}},"254":{"start":{"line":255,"column":0},"end":{"line":255,"column":0}},"255":{"start":{"line":256,"column":0},"end":{"line":256,"column":38}},"256":{"start":{"line":257,"column":0},"end":{"line":257,"column":75}},"257":{"start":{"line":258,"column":0},"end":{"line":258,"column":45}},"258":{"start":{"line":259,"column":0},"end":{"line":259,"column":21}},"259":{"start":{"line":260,"column":0},"end":{"line":260,"column":29}},"260":{"start":{"line":261,"column":0},"end":{"line":261,"column":98}},"261":{"start":{"line":262,"column":0},"end":{"line":262,"column":34}},"262":{"start":{"line":263,"column":0},"end":{"line":263,"column":11}},"263":{"start":{"line":264,"column":0},"end":{"line":264,"column":5}},"264":{"start":{"line":265,"column":0},"end":{"line":265,"column":1}},"265":{"start":{"line":266,"column":0},"end":{"line":266,"column":0}},"266":{"start":{"line":267,"column":0},"end":{"line":267,"column":35}},"267":{"start":{"line":268,"column":0},"end":{"line":268,"column":75}},"268":{"start":{"line":269,"column":0},"end":{"line":269,"column":31}},"269":{"start":{"line":270,"column":0},"end":{"line":270,"column":8}},"270":{"start":{"line":271,"column":0},"end":{"line":271,"column":53}},"271":{"start":{"line":272,"column":0},"end":{"line":272,"column":53}},"272":{"start":{"line":273,"column":0},"end":{"line":273,"column":50}},"273":{"start":{"line":274,"column":0},"end":{"line":274,"column":7}},"274":{"start":{"line":275,"column":0},"end":{"line":275,"column":21}},"275":{"start":{"line":276,"column":0},"end":{"line":276,"column":29}},"276":{"start":{"line":277,"column":0},"end":{"line":277,"column":61}},"277":{"start":{"line":278,"column":0},"end":{"line":278,"column":29}},"278":{"start":{"line":279,"column":0},"end":{"line":279,"column":11}},"279":{"start":{"line":280,"column":0},"end":{"line":280,"column":5}},"280":{"start":{"line":281,"column":0},"end":{"line":281,"column":1}},"281":{"start":{"line":282,"column":0},"end":{"line":282,"column":0}},"282":{"start":{"line":283,"column":0},"end":{"line":283,"column":3}},"283":{"start":{"line":284,"column":0},"end":{"line":284,"column":80}},"284":{"start":{"line":285,"column":0},"end":{"line":285,"column":31}},"285":{"start":{"line":286,"column":0},"end":{"line":286,"column":2}},"286":{"start":{"line":287,"column":0},"end":{"line":287,"column":63}},"287":{"start":{"line":288,"column":0},"end":{"line":288,"column":3}},"288":{"start":{"line":289,"column":0},"end":{"line":289,"column":75}},"289":{"start":{"line":290,"column":0},"end":{"line":290,"column":43}},"290":{"start":{"line":291,"column":0},"end":{"line":291,"column":29}},"291":{"start":{"line":292,"column":0},"end":{"line":292,"column":32}},"292":{"start":{"line":293,"column":0},"end":{"line":293,"column":33}},"293":{"start":{"line":294,"column":0},"end":{"line":294,"column":30}},"294":{"start":{"line":295,"column":0},"end":{"line":295,"column":31}},"295":{"start":{"line":296,"column":0},"end":{"line":296,"column":31}},"296":{"start":{"line":297,"column":0},"end":{"line":297,"column":6}},"297":{"start":{"line":298,"column":0},"end":{"line":298,"column":0}},"298":{"start":{"line":299,"column":0},"end":{"line":299,"column":49}},"299":{"start":{"line":300,"column":0},"end":{"line":300,"column":15}},"300":{"start":{"line":301,"column":0},"end":{"line":301,"column":5}},"301":{"start":{"line":302,"column":0},"end":{"line":302,"column":0}},"302":{"start":{"line":303,"column":0},"end":{"line":303,"column":44}},"303":{"start":{"line":304,"column":0},"end":{"line":304,"column":65}},"304":{"start":{"line":305,"column":0},"end":{"line":305,"column":54}},"305":{"start":{"line":306,"column":0},"end":{"line":306,"column":81}},"306":{"start":{"line":307,"column":0},"end":{"line":307,"column":60}},"307":{"start":{"line":308,"column":0},"end":{"line":308,"column":82}},"308":{"start":{"line":309,"column":0},"end":{"line":309,"column":13}},"309":{"start":{"line":310,"column":0},"end":{"line":310,"column":9}},"310":{"start":{"line":311,"column":0},"end":{"line":311,"column":44}},"311":{"start":{"line":312,"column":0},"end":{"line":312,"column":66}},"312":{"start":{"line":313,"column":0},"end":{"line":313,"column":55}},"313":{"start":{"line":314,"column":0},"end":{"line":314,"column":82}},"314":{"start":{"line":315,"column":0},"end":{"line":315,"column":13}},"315":{"start":{"line":316,"column":0},"end":{"line":316,"column":9}},"316":{"start":{"line":317,"column":0},"end":{"line":317,"column":52}},"317":{"start":{"line":318,"column":0},"end":{"line":318,"column":78}},"318":{"start":{"line":319,"column":0},"end":{"line":319,"column":9}},"319":{"start":{"line":320,"column":0},"end":{"line":320,"column":5}},"320":{"start":{"line":321,"column":0},"end":{"line":321,"column":1}},"321":{"start":{"line":322,"column":0},"end":{"line":322,"column":0}},"322":{"start":{"line":323,"column":0},"end":{"line":323,"column":74}},"323":{"start":{"line":324,"column":0},"end":{"line":324,"column":27}},"324":{"start":{"line":325,"column":0},"end":{"line":325,"column":36}},"325":{"start":{"line":326,"column":0},"end":{"line":326,"column":18}},"326":{"start":{"line":327,"column":0},"end":{"line":327,"column":30}},"327":{"start":{"line":328,"column":0},"end":{"line":328,"column":9}},"328":{"start":{"line":329,"column":0},"end":{"line":329,"column":53}},"329":{"start":{"line":330,"column":0},"end":{"line":330,"column":21}},"330":{"start":{"line":331,"column":0},"end":{"line":331,"column":29}},"331":{"start":{"line":332,"column":0},"end":{"line":332,"column":121}},"332":{"start":{"line":333,"column":0},"end":{"line":333,"column":25}},"333":{"start":{"line":334,"column":0},"end":{"line":334,"column":11}},"334":{"start":{"line":335,"column":0},"end":{"line":335,"column":5}},"335":{"start":{"line":336,"column":0},"end":{"line":336,"column":1}},"336":{"start":{"line":337,"column":0},"end":{"line":337,"column":0}},"337":{"start":{"line":338,"column":0},"end":{"line":338,"column":3}},"338":{"start":{"line":339,"column":0},"end":{"line":339,"column":73}},"339":{"start":{"line":340,"column":0},"end":{"line":340,"column":79}},"340":{"start":{"line":341,"column":0},"end":{"line":341,"column":2}},"341":{"start":{"line":342,"column":0},"end":{"line":342,"column":41}},"342":{"start":{"line":343,"column":0},"end":{"line":343,"column":62}},"343":{"start":{"line":344,"column":0},"end":{"line":344,"column":3}},"344":{"start":{"line":345,"column":0},"end":{"line":345,"column":62}},"345":{"start":{"line":346,"column":0},"end":{"line":346,"column":44}},"346":{"start":{"line":347,"column":0},"end":{"line":347,"column":71}},"347":{"start":{"line":348,"column":0},"end":{"line":348,"column":54}},"348":{"start":{"line":349,"column":0},"end":{"line":349,"column":79}},"349":{"start":{"line":350,"column":0},"end":{"line":350,"column":60}},"350":{"start":{"line":351,"column":0},"end":{"line":351,"column":82}},"351":{"start":{"line":352,"column":0},"end":{"line":352,"column":13}},"352":{"start":{"line":353,"column":0},"end":{"line":353,"column":9}},"353":{"start":{"line":354,"column":0},"end":{"line":354,"column":44}},"354":{"start":{"line":355,"column":0},"end":{"line":355,"column":74}},"355":{"start":{"line":356,"column":0},"end":{"line":356,"column":55}},"356":{"start":{"line":357,"column":0},"end":{"line":357,"column":82}},"357":{"start":{"line":358,"column":0},"end":{"line":358,"column":13}},"358":{"start":{"line":359,"column":0},"end":{"line":359,"column":9}},"359":{"start":{"line":360,"column":0},"end":{"line":360,"column":52}},"360":{"start":{"line":361,"column":0},"end":{"line":361,"column":78}},"361":{"start":{"line":362,"column":0},"end":{"line":362,"column":9}},"362":{"start":{"line":363,"column":0},"end":{"line":363,"column":5}},"363":{"start":{"line":364,"column":0},"end":{"line":364,"column":17}},"364":{"start":{"line":365,"column":0},"end":{"line":365,"column":1}}},"s":{"0":1,"1":1,"2":1,"3":1,"4":1,"5":1,"6":1,"7":1,"8":1,"9":1,"10":1,"11":1,"12":1,"13":1,"14":1,"15":1,"16":1,"17":1,"18":1,"19":1,"20":1,"21":1,"22":1,"23":1,"24":1,"25":1,"26":1,"27":1,"28":1,"29":1,"30":1,"31":1,"32":1,"33":1,"34":1,"35":1,"36":1,"37":1,"38":44,"39":44,"40":44,"41":44,"42":44,"43":44,"44":44,"45":44,"46":44,"47":44,"48":44,"49":44,"50":44,"51":44,"52":44,"53":44,"54":44,"55":44,"56":44,"57":44,"58":1,"59":1,"60":1,"61":1,"62":1,"63":1,"64":102,"65":102,"66":102,"67":102,"68":102,"69":102,"70":102,"71":102,"72":102,"73":102,"74":102,"75":102,"76":102,"77":102,"78":102,"79":102,"80":102,"81":102,"82":102,"83":1,"84":1,"85":146,"86":146,"87":4,"88":4,"89":4,"90":4,"91":4,"92":4,"93":146,"94":1,"95":1,"96":146,"97":146,"98":2,"99":2,"100":2,"101":2,"102":2,"103":2,"104":146,"105":1,"106":1,"107":146,"108":146,"109":146,"110":287,"111":2,"112":2,"113":2,"114":2,"115":2,"116":2,"117":287,"118":287,"119":146,"120":1,"121":1,"122":146,"123":146,"124":146,"125":145,"126":1,"127":1,"128":1,"129":1,"130":1,"131":1,"132":145,"133":145,"134":146,"135":1,"136":1,"137":146,"138":146,"139":146,"140":145,"141":143,"142":4,"143":4,"144":4,"145":4,"146":4,"147":4,"148":143,"149":6,"150":6,"151":6,"152":6,"153":6,"154":6,"155":143,"156":145,"157":146,"158":1,"159":1,"160":146,"161":146,"162":146,"163":145,"164":102,"165":1,"166":1,"167":1,"168":1,"169":1,"170":1,"171":102,"172":145,"173":146,"174":1,"175":1,"176":146,"177":146,"178":47,"179":1,"180":1,"181":1,"182":1,"183":1,"184":1,"185":47,"186":146,"187":1,"188":1,"189":146,"190":146,"191":1,"192":1,"193":1,"194":1,"195":1,"196":1,"197":1,"198":1,"199":1,"200":1,"201":146,"202":1,"203":1,"204":146,"205":146,"206":102,"207":102,"208":1,"209":1,"210":1,"211":1,"212":1,"213":1,"214":102,"215":146,"216":1,"217":1,"218":146,"219":146,"220":8,"221":8,"222":0,"223":0,"224":0,"225":0,"226":0,"227":0,"228":8,"229":146,"230":1,"231":1,"232":146,"233":146,"234":0,"235":0,"236":0,"237":0,"238":0,"239":0,"240":0,"241":0,"242":146,"243":1,"244":1,"245":146,"246":146,"247":4,"248":4,"249":4,"250":4,"251":4,"252":4,"253":146,"254":1,"255":1,"256":146,"257":146,"258":2,"259":2,"260":2,"261":2,"262":2,"263":2,"264":146,"265":1,"266":1,"267":146,"268":146,"269":146,"270":146,"271":146,"272":146,"273":146,"274":1,"275":1,"276":1,"277":1,"278":1,"279":1,"280":146,"281":1,"282":1,"283":1,"284":1,"285":1,"286":1,"287":1,"288":44,"289":44,"290":44,"291":44,"292":44,"293":44,"294":44,"295":44,"296":44,"297":44,"298":44,"299":2,"300":2,"301":42,"302":43,"303":41,"304":41,"305":40,"306":40,"307":0,"308":0,"309":40,"310":41,"311":2,"312":2,"313":0,"314":0,"315":2,"316":41,"317":0,"318":0,"319":41,"320":42,"321":1,"322":1,"323":83,"324":83,"325":83,"326":83,"327":83,"328":83,"329":3,"330":3,"331":3,"332":3,"333":3,"334":3,"335":83,"336":1,"337":1,"338":1,"339":1,"340":1,"341":1,"342":1,"343":1,"344":1,"345":7,"346":7,"347":5,"348":5,"349":5,"350":1,"351":1,"352":3,"353":7,"354":1,"355":0,"356":0,"357":0,"358":0,"359":7,"360":0,"361":0,"362":2,"363":2,"364":2},"branchMap":{"0":{"type":"branch","line":38,"loc":{"start":{"line":38,"column":7},"end":{"line":58,"column":1}},"locations":[{"start":{"line":38,"column":7},"end":{"line":58,"column":1}}]},"1":{"type":"branch","line":64,"loc":{"start":{"line":64,"column":7},"end":{"line":83,"column":1}},"locations":[{"start":{"line":64,"column":7},"end":{"line":83,"column":1}}]},"2":{"type":"branch","line":86,"loc":{"start":{"line":86,"column":0},"end":{"line":94,"column":1}},"locations":[{"start":{"line":86,"column":0},"end":{"line":94,"column":1}}]},"3":{"type":"branch","line":87,"loc":{"start":{"line":87,"column":58},"end":{"line":93,"column":5}},"locations":[{"start":{"line":87,"column":58},"end":{"line":93,"column":5}}]},"4":{"type":"branch","line":90,"loc":{"start":{"line":90,"column":85},"end":{"line":90,"column":96}},"locations":[{"start":{"line":90,"column":85},"end":{"line":90,"column":96}}]},"5":{"type":"branch","line":97,"loc":{"start":{"line":97,"column":0},"end":{"line":105,"column":1}},"locations":[{"start":{"line":97,"column":0},"end":{"line":105,"column":1}}]},"6":{"type":"branch","line":98,"loc":{"start":{"line":98,"column":58},"end":{"line":104,"column":5}},"locations":[{"start":{"line":98,"column":58},"end":{"line":104,"column":5}}]},"7":{"type":"branch","line":101,"loc":{"start":{"line":101,"column":84},"end":{"line":101,"column":95}},"locations":[{"start":{"line":101,"column":84},"end":{"line":101,"column":95}}]},"8":{"type":"branch","line":108,"loc":{"start":{"line":108,"column":0},"end":{"line":120,"column":1}},"locations":[{"start":{"line":108,"column":0},"end":{"line":120,"column":1}}]},"9":{"type":"branch","line":110,"loc":{"start":{"line":110,"column":42},"end":{"line":119,"column":5}},"locations":[{"start":{"line":110,"column":42},"end":{"line":119,"column":5}}]},"10":{"type":"branch","line":111,"loc":{"start":{"line":111,"column":31},"end":{"line":117,"column":9}},"locations":[{"start":{"line":111,"column":31},"end":{"line":117,"column":9}}]},"11":{"type":"branch","line":123,"loc":{"start":{"line":123,"column":0},"end":{"line":135,"column":1}},"locations":[{"start":{"line":123,"column":0},"end":{"line":135,"column":1}}]},"12":{"type":"branch","line":125,"loc":{"start":{"line":125,"column":43},"end":{"line":134,"column":5}},"locations":[{"start":{"line":125,"column":43},"end":{"line":134,"column":5}}]},"13":{"type":"branch","line":126,"loc":{"start":{"line":126,"column":32},"end":{"line":132,"column":9}},"locations":[{"start":{"line":126,"column":32},"end":{"line":132,"column":9}}]},"14":{"type":"branch","line":138,"loc":{"start":{"line":138,"column":0},"end":{"line":158,"column":1}},"locations":[{"start":{"line":138,"column":0},"end":{"line":158,"column":1}}]},"15":{"type":"branch","line":140,"loc":{"start":{"line":140,"column":43},"end":{"line":157,"column":5}},"locations":[{"start":{"line":140,"column":43},"end":{"line":157,"column":5}}]},"16":{"type":"branch","line":141,"loc":{"start":{"line":141,"column":53},"end":{"line":156,"column":9}},"locations":[{"start":{"line":141,"column":53},"end":{"line":156,"column":9}}]},"17":{"type":"branch","line":142,"loc":{"start":{"line":142,"column":50},"end":{"line":148,"column":13}},"locations":[{"start":{"line":142,"column":50},"end":{"line":148,"column":13}}]},"18":{"type":"branch","line":149,"loc":{"start":{"line":149,"column":52},"end":{"line":155,"column":13}},"locations":[{"start":{"line":149,"column":52},"end":{"line":155,"column":13}}]},"19":{"type":"branch","line":139,"loc":{"start":{"line":139,"column":50},"end":{"line":139,"column":61}},"locations":[{"start":{"line":139,"column":50},"end":{"line":139,"column":61}}]},"20":{"type":"branch","line":161,"loc":{"start":{"line":161,"column":0},"end":{"line":174,"column":1}},"locations":[{"start":{"line":161,"column":0},"end":{"line":174,"column":1}}]},"21":{"type":"branch","line":163,"loc":{"start":{"line":163,"column":43},"end":{"line":173,"column":5}},"locations":[{"start":{"line":163,"column":43},"end":{"line":173,"column":5}}]},"22":{"type":"branch","line":164,"loc":{"start":{"line":164,"column":43},"end":{"line":172,"column":9}},"locations":[{"start":{"line":164,"column":43},"end":{"line":172,"column":9}}]},"23":{"type":"branch","line":165,"loc":{"start":{"line":165,"column":45},"end":{"line":171,"column":13}},"locations":[{"start":{"line":165,"column":45},"end":{"line":171,"column":13}}]},"24":{"type":"branch","line":162,"loc":{"start":{"line":162,"column":50},"end":{"line":162,"column":61}},"locations":[{"start":{"line":162,"column":50},"end":{"line":162,"column":61}}]},"25":{"type":"branch","line":177,"loc":{"start":{"line":177,"column":0},"end":{"line":187,"column":1}},"locations":[{"start":{"line":177,"column":0},"end":{"line":187,"column":1}}]},"26":{"type":"branch","line":178,"loc":{"start":{"line":178,"column":30},"end":{"line":186,"column":5}},"locations":[{"start":{"line":178,"column":30},"end":{"line":186,"column":5}}]},"27":{"type":"branch","line":179,"loc":{"start":{"line":179,"column":60},"end":{"line":185,"column":9}},"locations":[{"start":{"line":179,"column":60},"end":{"line":185,"column":9}}]},"28":{"type":"branch","line":190,"loc":{"start":{"line":190,"column":0},"end":{"line":202,"column":1}},"locations":[{"start":{"line":190,"column":0},"end":{"line":202,"column":1}}]},"29":{"type":"branch","line":191,"loc":{"start":{"line":191,"column":60},"end":{"line":201,"column":5}},"locations":[{"start":{"line":191,"column":60},"end":{"line":201,"column":5}}]},"30":{"type":"branch","line":205,"loc":{"start":{"line":205,"column":0},"end":{"line":216,"column":1}},"locations":[{"start":{"line":205,"column":0},"end":{"line":216,"column":1}}]},"31":{"type":"branch","line":206,"loc":{"start":{"line":206,"column":43},"end":{"line":215,"column":5}},"locations":[{"start":{"line":206,"column":43},"end":{"line":215,"column":5}}]},"32":{"type":"branch","line":208,"loc":{"start":{"line":208,"column":56},"end":{"line":214,"column":9}},"locations":[{"start":{"line":208,"column":56},"end":{"line":214,"column":9}}]},"33":{"type":"branch","line":219,"loc":{"start":{"line":219,"column":0},"end":{"line":230,"column":1}},"locations":[{"start":{"line":219,"column":0},"end":{"line":230,"column":1}}]},"34":{"type":"branch","line":220,"loc":{"start":{"line":220,"column":23},"end":{"line":229,"column":5}},"locations":[{"start":{"line":220,"column":23},"end":{"line":229,"column":5}}]},"35":{"type":"branch","line":222,"loc":{"start":{"line":222,"column":40},"end":{"line":228,"column":9}},"locations":[{"start":{"line":222,"column":40},"end":{"line":228,"column":9}}]},"36":{"type":"branch","line":233,"loc":{"start":{"line":233,"column":0},"end":{"line":243,"column":1}},"locations":[{"start":{"line":233,"column":0},"end":{"line":243,"column":1}}]},"37":{"type":"branch","line":234,"loc":{"start":{"line":234,"column":35},"end":{"line":234,"column":81}},"locations":[{"start":{"line":234,"column":35},"end":{"line":234,"column":81}}]},"38":{"type":"branch","line":234,"loc":{"start":{"line":234,"column":81},"end":{"line":242,"column":5}},"locations":[{"start":{"line":234,"column":81},"end":{"line":242,"column":5}}]},"39":{"type":"branch","line":246,"loc":{"start":{"line":246,"column":0},"end":{"line":254,"column":1}},"locations":[{"start":{"line":246,"column":0},"end":{"line":254,"column":1}}]},"40":{"type":"branch","line":247,"loc":{"start":{"line":247,"column":46},"end":{"line":253,"column":5}},"locations":[{"start":{"line":247,"column":46},"end":{"line":253,"column":5}}]},"41":{"type":"branch","line":257,"loc":{"start":{"line":257,"column":0},"end":{"line":265,"column":1}},"locations":[{"start":{"line":257,"column":0},"end":{"line":265,"column":1}}]},"42":{"type":"branch","line":258,"loc":{"start":{"line":258,"column":44},"end":{"line":264,"column":5}},"locations":[{"start":{"line":258,"column":44},"end":{"line":264,"column":5}}]},"43":{"type":"branch","line":268,"loc":{"start":{"line":268,"column":0},"end":{"line":281,"column":1}},"locations":[{"start":{"line":268,"column":0},"end":{"line":281,"column":1}}]},"44":{"type":"branch","line":271,"loc":{"start":{"line":271,"column":49},"end":{"line":272,"column":39}},"locations":[{"start":{"line":271,"column":49},"end":{"line":272,"column":39}}]},"45":{"type":"branch","line":272,"loc":{"start":{"line":272,"column":27},"end":{"line":272,"column":53}},"locations":[{"start":{"line":272,"column":27},"end":{"line":272,"column":53}}]},"46":{"type":"branch","line":272,"loc":{"start":{"line":272,"column":49},"end":{"line":273,"column":39}},"locations":[{"start":{"line":272,"column":49},"end":{"line":273,"column":39}}]},"47":{"type":"branch","line":273,"loc":{"start":{"line":273,"column":27},"end":{"line":273,"column":50}},"locations":[{"start":{"line":273,"column":27},"end":{"line":273,"column":50}}]},"48":{"type":"branch","line":274,"loc":{"start":{"line":274,"column":6},"end":{"line":280,"column":5}},"locations":[{"start":{"line":274,"column":6},"end":{"line":280,"column":5}}]},"49":{"type":"branch","line":289,"loc":{"start":{"line":289,"column":0},"end":{"line":321,"column":1}},"locations":[{"start":{"line":289,"column":0},"end":{"line":321,"column":1}}]},"50":{"type":"branch","line":299,"loc":{"start":{"line":299,"column":48},"end":{"line":301,"column":5}},"locations":[{"start":{"line":299,"column":48},"end":{"line":301,"column":5}}]},"51":{"type":"branch","line":301,"loc":{"start":{"line":301,"column":4},"end":{"line":320,"column":5}},"locations":[{"start":{"line":301,"column":4},"end":{"line":320,"column":5}}]},"52":{"type":"branch","line":301,"loc":{"start":{"line":301,"column":4},"end":{"line":303,"column":43}},"locations":[{"start":{"line":301,"column":4},"end":{"line":303,"column":43}}]},"53":{"type":"branch","line":303,"loc":{"start":{"line":303,"column":43},"end":{"line":320,"column":5}},"locations":[{"start":{"line":303,"column":43},"end":{"line":320,"column":5}}]},"54":{"type":"branch","line":305,"loc":{"start":{"line":305,"column":53},"end":{"line":310,"column":9}},"locations":[{"start":{"line":305,"column":53},"end":{"line":310,"column":9}}]},"55":{"type":"branch","line":307,"loc":{"start":{"line":307,"column":59},"end":{"line":309,"column":13}},"locations":[{"start":{"line":307,"column":59},"end":{"line":309,"column":13}}]},"56":{"type":"branch","line":311,"loc":{"start":{"line":311,"column":43},"end":{"line":316,"column":9}},"locations":[{"start":{"line":311,"column":43},"end":{"line":316,"column":9}}]},"57":{"type":"branch","line":313,"loc":{"start":{"line":313,"column":54},"end":{"line":315,"column":13}},"locations":[{"start":{"line":313,"column":54},"end":{"line":315,"column":13}}]},"58":{"type":"branch","line":317,"loc":{"start":{"line":317,"column":51},"end":{"line":319,"column":9}},"locations":[{"start":{"line":317,"column":51},"end":{"line":319,"column":9}}]},"59":{"type":"branch","line":320,"loc":{"start":{"line":320,"column":4},"end":{"line":321,"column":1}},"locations":[{"start":{"line":320,"column":4},"end":{"line":321,"column":1}}]},"60":{"type":"branch","line":324,"loc":{"start":{"line":324,"column":0},"end":{"line":336,"column":1}},"locations":[{"start":{"line":324,"column":0},"end":{"line":336,"column":1}}]},"61":{"type":"branch","line":329,"loc":{"start":{"line":329,"column":52},"end":{"line":335,"column":5}},"locations":[{"start":{"line":329,"column":52},"end":{"line":335,"column":5}}]},"62":{"type":"branch","line":345,"loc":{"start":{"line":345,"column":7},"end":{"line":365,"column":1}},"locations":[{"start":{"line":345,"column":7},"end":{"line":365,"column":1}}]},"63":{"type":"branch","line":347,"loc":{"start":{"line":347,"column":59},"end":{"line":354,"column":43}},"locations":[{"start":{"line":347,"column":59},"end":{"line":354,"column":43}}]},"64":{"type":"branch","line":347,"loc":{"start":{"line":347,"column":59},"end":{"line":347,"column":71}},"locations":[{"start":{"line":347,"column":59},"end":{"line":347,"column":71}}]},"65":{"type":"branch","line":347,"loc":{"start":{"line":347,"column":66},"end":{"line":353,"column":9}},"locations":[{"start":{"line":347,"column":66},"end":{"line":353,"column":9}}]},"66":{"type":"branch","line":349,"loc":{"start":{"line":349,"column":67},"end":{"line":349,"column":79}},"locations":[{"start":{"line":349,"column":67},"end":{"line":349,"column":79}}]},"67":{"type":"branch","line":349,"loc":{"start":{"line":349,"column":74},"end":{"line":350,"column":59}},"locations":[{"start":{"line":349,"column":74},"end":{"line":350,"column":59}}]},"68":{"type":"branch","line":350,"loc":{"start":{"line":350,"column":59},"end":{"line":352,"column":13}},"locations":[{"start":{"line":350,"column":59},"end":{"line":352,"column":13}}]},"69":{"type":"branch","line":352,"loc":{"start":{"line":352,"column":12},"end":{"line":353,"column":9}},"locations":[{"start":{"line":352,"column":12},"end":{"line":353,"column":9}}]},"70":{"type":"branch","line":353,"loc":{"start":{"line":353,"column":8},"end":{"line":354,"column":43}},"locations":[{"start":{"line":353,"column":8},"end":{"line":354,"column":43}}]},"71":{"type":"branch","line":354,"loc":{"start":{"line":354,"column":43},"end":{"line":359,"column":9}},"locations":[{"start":{"line":354,"column":43},"end":{"line":359,"column":9}}]},"72":{"type":"branch","line":355,"loc":{"start":{"line":355,"column":69},"end":{"line":359,"column":9}},"locations":[{"start":{"line":355,"column":69},"end":{"line":359,"column":9}}]},"73":{"type":"branch","line":359,"loc":{"start":{"line":359,"column":8},"end":{"line":360,"column":51}},"locations":[{"start":{"line":359,"column":8},"end":{"line":360,"column":51}}]},"74":{"type":"branch","line":360,"loc":{"start":{"line":360,"column":51},"end":{"line":362,"column":9}},"locations":[{"start":{"line":360,"column":51},"end":{"line":362,"column":9}}]},"75":{"type":"branch","line":362,"loc":{"start":{"line":362,"column":8},"end":{"line":365,"column":1}},"locations":[{"start":{"line":362,"column":8},"end":{"line":365,"column":1}}]}},"b":{"0":[44],"1":[102],"2":[146],"3":[4],"4":[0],"5":[146],"6":[2],"7":[0],"8":[146],"9":[287],"10":[2],"11":[146],"12":[145],"13":[1],"14":[146],"15":[145],"16":[143],"17":[4],"18":[6],"19":[287],"20":[146],"21":[145],"22":[102],"23":[1],"24":[287],"25":[146],"26":[47],"27":[1],"28":[146],"29":[1],"30":[146],"31":[102],"32":[1],"33":[146],"34":[8],"35":[0],"36":[146],"37":[0],"38":[0],"39":[146],"40":[4],"41":[146],"42":[2],"43":[146],"44":[145],"45":[145],"46":[145],"47":[145],"48":[1],"49":[44],"50":[2],"51":[43],"52":[42],"53":[41],"54":[40],"55":[0],"56":[2],"57":[0],"58":[0],"59":[42],"60":[83],"61":[3],"62":[7],"63":[6],"64":[2],"65":[5],"66":[1],"67":[4],"68":[1],"69":[3],"70":[3],"71":[1],"72":[0],"73":[2],"74":[0],"75":[2]},"fnMap":{"0":{"name":"validateContract","decl":{"start":{"line":38,"column":7},"end":{"line":58,"column":1}},"loc":{"start":{"line":38,"column":7},"end":{"line":58,"column":1}},"line":38},"1":{"name":"validateContractStructure","decl":{"start":{"line":64,"column":7},"end":{"line":83,"column":1}},"loc":{"start":{"line":64,"column":7},"end":{"line":83,"column":1}},"line":64},"2":{"name":"validateC1","decl":{"start":{"line":86,"column":0},"end":{"line":94,"column":1}},"loc":{"start":{"line":86,"column":0},"end":{"line":94,"column":1}},"line":86},"3":{"name":"validateC2","decl":{"start":{"line":97,"column":0},"end":{"line":105,"column":1}},"loc":{"start":{"line":97,"column":0},"end":{"line":105,"column":1}},"line":97},"4":{"name":"validateC3","decl":{"start":{"line":108,"column":0},"end":{"line":120,"column":1}},"loc":{"start":{"line":108,"column":0},"end":{"line":120,"column":1}},"line":108},"5":{"name":"validateC4","decl":{"start":{"line":123,"column":0},"end":{"line":135,"column":1}},"loc":{"start":{"line":123,"column":0},"end":{"line":135,"column":1}},"line":123},"6":{"name":"validateC5","decl":{"start":{"line":138,"column":0},"end":{"line":158,"column":1}},"loc":{"start":{"line":138,"column":0},"end":{"line":158,"column":1}},"line":138},"7":{"name":"validateC6","decl":{"start":{"line":161,"column":0},"end":{"line":174,"column":1}},"loc":{"start":{"line":161,"column":0},"end":{"line":174,"column":1}},"line":161},"8":{"name":"validateC7","decl":{"start":{"line":177,"column":0},"end":{"line":187,"column":1}},"loc":{"start":{"line":177,"column":0},"end":{"line":187,"column":1}},"line":177},"9":{"name":"validateC8","decl":{"start":{"line":190,"column":0},"end":{"line":202,"column":1}},"loc":{"start":{"line":190,"column":0},"end":{"line":202,"column":1}},"line":190},"10":{"name":"validateC9","decl":{"start":{"line":205,"column":0},"end":{"line":216,"column":1}},"loc":{"start":{"line":205,"column":0},"end":{"line":216,"column":1}},"line":205},"11":{"name":"validateC10","decl":{"start":{"line":219,"column":0},"end":{"line":230,"column":1}},"loc":{"start":{"line":219,"column":0},"end":{"line":230,"column":1}},"line":219},"12":{"name":"validateC11","decl":{"start":{"line":233,"column":0},"end":{"line":243,"column":1}},"loc":{"start":{"line":233,"column":0},"end":{"line":243,"column":1}},"line":233},"13":{"name":"validateC12","decl":{"start":{"line":246,"column":0},"end":{"line":254,"column":1}},"loc":{"start":{"line":246,"column":0},"end":{"line":254,"column":1}},"line":246},"14":{"name":"validateC13","decl":{"start":{"line":257,"column":0},"end":{"line":265,"column":1}},"loc":{"start":{"line":257,"column":0},"end":{"line":265,"column":1}},"line":257},"15":{"name":"validateC14","decl":{"start":{"line":268,"column":0},"end":{"line":281,"column":1}},"loc":{"start":{"line":268,"column":0},"end":{"line":281,"column":1}},"line":268},"16":{"name":"validateC15","decl":{"start":{"line":289,"column":0},"end":{"line":321,"column":1}},"loc":{"start":{"line":289,"column":0},"end":{"line":321,"column":1}},"line":289},"17":{"name":"checkProvenanceAI","decl":{"start":{"line":324,"column":0},"end":{"line":336,"column":1}},"loc":{"start":{"line":324,"column":0},"end":{"line":336,"column":1}},"line":324},"18":{"name":"hasAIProvenance","decl":{"start":{"line":345,"column":7},"end":{"line":365,"column":1}},"loc":{"start":{"line":345,"column":7},"end":{"line":365,"column":1}},"line":345}},"f":{"0":44,"1":102,"2":146,"3":146,"4":146,"5":146,"6":146,"7":146,"8":146,"9":146,"10":146,"11":146,"12":146,"13":146,"14":146,"15":146,"16":44,"17":83,"18":7}}
,"/Users/yuktarthnaman/Juris-Genie/packages/core/src/serialization.ts": {"path":"/Users/yuktarthnaman/Juris-Genie/packages/core/src/serialization.ts","all":false,"statementMap":{"0":{"start":{"line":1,"column":0},"end":{"line":1,"column":3}},"1":{"start":{"line":2,"column":0},"end":{"line":2,"column":41}},"2":{"start":{"line":3,"column":0},"end":{"line":3,"column":2}},"3":{"start":{"line":4,"column":0},"end":{"line":4,"column":77}},"4":{"start":{"line":5,"column":0},"end":{"line":5,"column":27}},"5":{"start":{"line":6,"column":0},"end":{"line":6,"column":65}},"6":{"start":{"line":7,"column":0},"end":{"line":7,"column":45}},"7":{"start":{"line":8,"column":0},"end":{"line":8,"column":64}},"8":{"start":{"line":9,"column":0},"end":{"line":9,"column":37}},"9":{"start":{"line":10,"column":0},"end":{"line":10,"column":39}},"10":{"start":{"line":11,"column":0},"end":{"line":11,"column":2}},"11":{"start":{"line":12,"column":0},"end":{"line":12,"column":76}},"12":{"start":{"line":13,"column":0},"end":{"line":13,"column":42}},"13":{"start":{"line":14,"column":0},"end":{"line":14,"column":3}},"14":{"start":{"line":15,"column":0},"end":{"line":15,"column":0}},"15":{"start":{"line":16,"column":0},"end":{"line":16,"column":3}},"16":{"start":{"line":17,"column":0},"end":{"line":17,"column":52}},"17":{"start":{"line":18,"column":0},"end":{"line":18,"column":71}},"18":{"start":{"line":19,"column":0},"end":{"line":19,"column":2}},"19":{"start":{"line":20,"column":0},"end":{"line":20,"column":70}},"20":{"start":{"line":21,"column":0},"end":{"line":21,"column":87}},"21":{"start":{"line":22,"column":0},"end":{"line":22,"column":3}},"22":{"start":{"line":23,"column":0},"end":{"line":23,"column":52}},"23":{"start":{"line":24,"column":0},"end":{"line":24,"column":33}},"24":{"start":{"line":25,"column":0},"end":{"line":25,"column":47}},"25":{"start":{"line":26,"column":0},"end":{"line":26,"column":41}},"26":{"start":{"line":27,"column":0},"end":{"line":27,"column":38}},"27":{"start":{"line":28,"column":0},"end":{"line":28,"column":48}},"28":{"start":{"line":29,"column":0},"end":{"line":29,"column":38}},"29":{"start":{"line":30,"column":0},"end":{"line":30,"column":1}},"30":{"start":{"line":31,"column":0},"end":{"line":31,"column":0}},"31":{"start":{"line":32,"column":0},"end":{"line":32,"column":3}},"32":{"start":{"line":33,"column":0},"end":{"line":33,"column":74}},"33":{"start":{"line":34,"column":0},"end":{"line":34,"column":80}},"34":{"start":{"line":35,"column":0},"end":{"line":35,"column":2}},"35":{"start":{"line":36,"column":0},"end":{"line":36,"column":45}},"36":{"start":{"line":37,"column":0},"end":{"line":37,"column":36}},"37":{"start":{"line":38,"column":0},"end":{"line":38,"column":3}},"38":{"start":{"line":39,"column":0},"end":{"line":39,"column":43}},"39":{"start":{"line":40,"column":0},"end":{"line":40,"column":50}},"40":{"start":{"line":41,"column":0},"end":{"line":41,"column":1}},"41":{"start":{"line":42,"column":0},"end":{"line":42,"column":0}},"42":{"start":{"line":43,"column":0},"end":{"line":43,"column":3}},"43":{"start":{"line":44,"column":0},"end":{"line":44,"column":57}},"44":{"start":{"line":45,"column":0},"end":{"line":45,"column":2}},"45":{"start":{"line":46,"column":0},"end":{"line":46,"column":36}},"46":{"start":{"line":47,"column":0},"end":{"line":47,"column":60}},"47":{"start":{"line":48,"column":0},"end":{"line":48,"column":48}},"48":{"start":{"line":49,"column":0},"end":{"line":49,"column":3}},"49":{"start":{"line":50,"column":0},"end":{"line":50,"column":64}},"50":{"start":{"line":51,"column":0},"end":{"line":51,"column":71}},"51":{"start":{"line":52,"column":0},"end":{"line":52,"column":19}},"52":{"start":{"line":53,"column":0},"end":{"line":53,"column":5}},"53":{"start":{"line":54,"column":0},"end":{"line":54,"column":0}},"54":{"start":{"line":55,"column":0},"end":{"line":55,"column":29}},"55":{"start":{"line":56,"column":0},"end":{"line":56,"column":63}},"56":{"start":{"line":57,"column":0},"end":{"line":57,"column":5}},"57":{"start":{"line":58,"column":0},"end":{"line":58,"column":0}},"58":{"start":{"line":59,"column":0},"end":{"line":59,"column":50}},"59":{"start":{"line":60,"column":0},"end":{"line":60,"column":47}},"60":{"start":{"line":61,"column":0},"end":{"line":61,"column":44}},"61":{"start":{"line":62,"column":0},"end":{"line":62,"column":32}},"62":{"start":{"line":63,"column":0},"end":{"line":63,"column":21}},"63":{"start":{"line":64,"column":0},"end":{"line":64,"column":9}},"64":{"start":{"line":65,"column":0},"end":{"line":65,"column":58}},"65":{"start":{"line":66,"column":0},"end":{"line":66,"column":5}},"66":{"start":{"line":67,"column":0},"end":{"line":67,"column":18}},"67":{"start":{"line":68,"column":0},"end":{"line":68,"column":1}},"68":{"start":{"line":69,"column":0},"end":{"line":69,"column":0}},"69":{"start":{"line":70,"column":0},"end":{"line":70,"column":3}},"70":{"start":{"line":71,"column":0},"end":{"line":71,"column":69}},"71":{"start":{"line":72,"column":0},"end":{"line":72,"column":65}},"72":{"start":{"line":73,"column":0},"end":{"line":73,"column":2}},"73":{"start":{"line":74,"column":0},"end":{"line":74,"column":35}},"74":{"start":{"line":75,"column":0},"end":{"line":75,"column":54}},"75":{"start":{"line":76,"column":0},"end":{"line":76,"column":3}},"76":{"start":{"line":77,"column":0},"end":{"line":77,"column":44}},"77":{"start":{"line":78,"column":0},"end":{"line":78,"column":44}},"78":{"start":{"line":79,"column":0},"end":{"line":79,"column":25}},"79":{"start":{"line":80,"column":0},"end":{"line":80,"column":5}},"80":{"start":{"line":81,"column":0},"end":{"line":81,"column":0}},"81":{"start":{"line":82,"column":0},"end":{"line":82,"column":34}},"82":{"start":{"line":83,"column":0},"end":{"line":83,"column":19}},"83":{"start":{"line":84,"column":0},"end":{"line":84,"column":5}},"84":{"start":{"line":85,"column":0},"end":{"line":85,"column":0}},"85":{"start":{"line":86,"column":0},"end":{"line":86,"column":29}},"86":{"start":{"line":87,"column":0},"end":{"line":87,"column":51}},"87":{"start":{"line":88,"column":0},"end":{"line":88,"column":5}},"88":{"start":{"line":89,"column":0},"end":{"line":89,"column":0}},"89":{"start":{"line":90,"column":0},"end":{"line":90,"column":50}},"90":{"start":{"line":91,"column":0},"end":{"line":91,"column":47}},"91":{"start":{"line":92,"column":0},"end":{"line":92,"column":44}},"92":{"start":{"line":93,"column":0},"end":{"line":93,"column":46}},"93":{"start":{"line":94,"column":0},"end":{"line":94,"column":34}},"94":{"start":{"line":95,"column":0},"end":{"line":95,"column":32}},"95":{"start":{"line":96,"column":0},"end":{"line":96,"column":9}},"96":{"start":{"line":97,"column":0},"end":{"line":97,"column":5}},"97":{"start":{"line":98,"column":0},"end":{"line":98,"column":18}},"98":{"start":{"line":99,"column":0},"end":{"line":99,"column":1}},"99":{"start":{"line":100,"column":0},"end":{"line":100,"column":0}},"100":{"start":{"line":101,"column":0},"end":{"line":101,"column":3}},"101":{"start":{"line":102,"column":0},"end":{"line":102,"column":64}},"102":{"start":{"line":103,"column":0},"end":{"line":103,"column":72}},"103":{"start":{"line":104,"column":0},"end":{"line":104,"column":2}},"104":{"start":{"line":105,"column":0},"end":{"line":105,"column":34}},"105":{"start":{"line":106,"column":0},"end":{"line":106,"column":56}},"106":{"start":{"line":107,"column":0},"end":{"line":107,"column":3}},"107":{"start":{"line":108,"column":0},"end":{"line":108,"column":42}},"108":{"start":{"line":109,"column":0},"end":{"line":109,"column":71}},"109":{"start":{"line":110,"column":0},"end":{"line":110,"column":19}},"110":{"start":{"line":111,"column":0},"end":{"line":111,"column":5}},"111":{"start":{"line":112,"column":0},"end":{"line":112,"column":0}},"112":{"start":{"line":113,"column":0},"end":{"line":113,"column":29}},"113":{"start":{"line":114,"column":0},"end":{"line":114,"column":49}},"114":{"start":{"line":115,"column":0},"end":{"line":115,"column":5}},"115":{"start":{"line":116,"column":0},"end":{"line":116,"column":0}},"116":{"start":{"line":117,"column":0},"end":{"line":117,"column":50}},"117":{"start":{"line":118,"column":0},"end":{"line":118,"column":47}},"118":{"start":{"line":119,"column":0},"end":{"line":119,"column":44}},"119":{"start":{"line":120,"column":0},"end":{"line":120,"column":29}},"120":{"start":{"line":121,"column":0},"end":{"line":121,"column":44}},"121":{"start":{"line":122,"column":0},"end":{"line":122,"column":5}},"122":{"start":{"line":123,"column":0},"end":{"line":123,"column":18}},"123":{"start":{"line":124,"column":0},"end":{"line":124,"column":1}},"124":{"start":{"line":125,"column":0},"end":{"line":125,"column":0}},"125":{"start":{"line":126,"column":0},"end":{"line":126,"column":3}},"126":{"start":{"line":127,"column":0},"end":{"line":127,"column":48}},"127":{"start":{"line":128,"column":0},"end":{"line":128,"column":75}},"128":{"start":{"line":129,"column":0},"end":{"line":129,"column":2}},"129":{"start":{"line":130,"column":0},"end":{"line":130,"column":39}},"130":{"start":{"line":131,"column":0},"end":{"line":131,"column":56}},"131":{"start":{"line":132,"column":0},"end":{"line":132,"column":3}},"132":{"start":{"line":133,"column":0},"end":{"line":133,"column":50}},"133":{"start":{"line":134,"column":0},"end":{"line":134,"column":34}},"134":{"start":{"line":135,"column":0},"end":{"line":135,"column":36}},"135":{"start":{"line":136,"column":0},"end":{"line":136,"column":5}},"136":{"start":{"line":137,"column":0},"end":{"line":137,"column":0}},"137":{"start":{"line":138,"column":0},"end":{"line":138,"column":71}},"138":{"start":{"line":139,"column":0},"end":{"line":139,"column":19}},"139":{"start":{"line":140,"column":0},"end":{"line":140,"column":5}},"140":{"start":{"line":141,"column":0},"end":{"line":141,"column":0}},"141":{"start":{"line":142,"column":0},"end":{"line":142,"column":29}},"142":{"start":{"line":143,"column":0},"end":{"line":143,"column":57}},"143":{"start":{"line":144,"column":0},"end":{"line":144,"column":5}},"144":{"start":{"line":145,"column":0},"end":{"line":145,"column":0}},"145":{"start":{"line":146,"column":0},"end":{"line":146,"column":50}},"146":{"start":{"line":147,"column":0},"end":{"line":147,"column":47}},"147":{"start":{"line":148,"column":0},"end":{"line":148,"column":44}},"148":{"start":{"line":149,"column":0},"end":{"line":149,"column":69}},"149":{"start":{"line":150,"column":0},"end":{"line":150,"column":5}},"150":{"start":{"line":151,"column":0},"end":{"line":151,"column":18}},"151":{"start":{"line":152,"column":0},"end":{"line":152,"column":1}}},"s":{"0":1,"1":1,"2":1,"3":1,"4":1,"5":1,"6":1,"7":1,"8":1,"9":1,"10":1,"11":1,"12":1,"13":1,"14":1,"15":1,"16":1,"17":1,"18":1,"19":1,"20":1,"21":1,"22":1,"23":4244,"24":4244,"25":4244,"26":4244,"27":4244,"28":4244,"29":4244,"30":1,"31":1,"32":1,"33":1,"34":1,"35":1,"36":1,"37":1,"38":1,"39":4344,"40":4344,"41":1,"42":1,"43":1,"44":1,"45":1,"46":1,"47":1,"48":1,"49":413446,"50":413446,"51":297626,"52":297626,"53":115820,"54":413446,"55":33737,"56":33737,"57":82083,"58":82083,"59":82083,"60":413446,"61":389616,"62":4225,"63":4225,"64":385391,"65":385391,"66":82083,"67":82083,"68":1,"69":1,"70":1,"71":1,"72":1,"73":1,"74":1,"75":1,"76":413446,"77":413446,"78":3,"79":3,"80":413443,"81":413446,"82":297623,"83":297623,"84":115820,"85":413446,"86":33737,"87":33737,"88":82083,"89":82083,"90":82083,"91":413446,"92":385391,"93":385391,"94":385388,"95":385388,"96":385391,"97":82083,"98":82083,"99":1,"100":1,"101":1,"102":1,"103":1,"104":1,"105":1,"106":1,"107":413443,"108":413443,"109":297623,"110":297623,"111":115820,"112":413443,"113":33737,"114":33737,"115":82083,"116":82083,"117":82083,"118":82083,"119":413443,"120":385388,"121":385388,"122":82083,"123":82083,"124":1,"125":1,"126":1,"127":1,"128":1,"129":1,"130":1,"131":1,"132":413443,"133":413443,"134":192191,"135":192191,"136":221252,"137":413443,"138":105432,"139":105432,"140":115820,"141":413443,"142":33737,"143":33737,"144":82083,"145":82083,"146":82083,"147":413443,"148":385388,"149":385388,"150":82083,"151":82083},"branchMap":{"0":{"type":"branch","line":23,"loc":{"start":{"line":23,"column":7},"end":{"line":30,"column":1}},"locations":[{"start":{"line":23,"column":7},"end":{"line":30,"column":1}}]},"1":{"type":"branch","line":39,"loc":{"start":{"line":39,"column":7},"end":{"line":41,"column":1}},"locations":[{"start":{"line":39,"column":7},"end":{"line":41,"column":1}}]},"2":{"type":"branch","line":50,"loc":{"start":{"line":50,"column":0},"e
[...]
,"end":{"line":639,"column":26}},"639":{"start":{"line":640,"column":0},"end":{"line":640,"column":39}},"640":{"start":{"line":641,"column":0},"end":{"line":641,"column":41}},"641":{"start":{"line":642,"column":0},"end":{"line":642,"column":1}},"642":{"start":{"line":643,"column":0},"end":{"line":643,"column":0}},"643":{"start":{"line":644,"column":0},"end":{"line":644,"column":31}},"644":{"start":{"line":645,"column":0},"end":{"line":645,"column":31}},"645":{"start":{"line":646,"column":0},"end":{"line":646,"column":32}},"646":{"start":{"line":647,"column":0},"end":{"line":647,"column":36}},"647":{"start":{"line":648,"column":0},"end":{"line":648,"column":51}},"648":{"start":{"line":649,"column":0},"end":{"line":649,"column":1}},"649":{"start":{"line":650,"column":0},"end":{"line":650,"column":0}},"650":{"start":{"line":651,"column":0},"end":{"line":651,"column":32}},"651":{"start":{"line":652,"column":0},"end":{"line":652,"column":34}},"652":{"start":{"line":653,"column":0},"end":{"line":653,"column":29}},"653":{"start":{"line":654,"column":0},"end":{"line":654,"column":28}},"654":{"start":{"line":655,"column":0},"end":{"line":655,"column":1}},"655":{"start":{"line":656,"column":0},"end":{"line":656,"column":0}},"656":{"start":{"line":657,"column":0},"end":{"line":657,"column":37}},"657":{"start":{"line":658,"column":0},"end":{"line":658,"column":35}},"658":{"start":{"line":659,"column":0},"end":{"line":659,"column":47}},"659":{"start":{"line":660,"column":0},"end":{"line":660,"column":42}},"660":{"start":{"line":661,"column":0},"end":{"line":661,"column":28}},"661":{"start":{"line":662,"column":0},"end":{"line":662,"column":34}},"662":{"start":{"line":663,"column":0},"end":{"line":663,"column":1}},"663":{"start":{"line":664,"column":0},"end":{"line":664,"column":0}},"664":{"start":{"line":665,"column":0},"end":{"line":665,"column":32}},"665":{"start":{"line":666,"column":0},"end":{"line":666,"column":30}},"666":{"start":{"line":667,"column":0},"end":{"line":667,"column":28}},"667":{"start":{"line":668,"column":0},"end":{"line":668,"column":46}},"668":{"start":{"line":669,"column":0},"end":{"line":669,"column":28}},"669":{"start":{"line":670,"column":0},"end":{"line":670,"column":1}},"670":{"start":{"line":671,"column":0},"end":{"line":671,"column":0}},"671":{"start":{"line":672,"column":0},"end":{"line":672,"column":37}},"672":{"start":{"line":673,"column":0},"end":{"line":673,"column":35}},"673":{"start":{"line":674,"column":0},"end":{"line":674,"column":34}},"674":{"start":{"line":675,"column":0},"end":{"line":675,"column":46}},"675":{"start":{"line":676,"column":0},"end":{"line":676,"column":39}},"676":{"start":{"line":677,"column":0},"end":{"line":677,"column":29}},"677":{"start":{"line":678,"column":0},"end":{"line":678,"column":1}},"678":{"start":{"line":679,"column":0},"end":{"line":679,"column":0}},"679":{"start":{"line":680,"column":0},"end":{"line":680,"column":28}},"680":{"start":{"line":681,"column":0},"end":{"line":681,"column":32}},"681":{"start":{"line":682,"column":0},"end":{"line":682,"column":36}},"682":{"start":{"line":683,"column":0},"end":{"line":683,"column":37}},"683":{"start":{"line":684,"column":0},"end":{"line":684,"column":1}},"684":{"start":{"line":685,"column":0},"end":{"line":685,"column":0}},"685":{"start":{"line":686,"column":0},"end":{"line":686,"column":33}},"686":{"start":{"line":687,"column":0},"end":{"line":687,"column":47}},"687":{"start":{"line":688,"column":0},"end":{"line":688,"column":48}},"688":{"start":{"line":689,"column":0},"end":{"line":689,"column":41}},"689":{"start":{"line":690,"column":0},"end":{"line":690,"column":41}},"690":{"start":{"line":691,"column":0},"end":{"line":691,"column":1}},"691":{"start":{"line":692,"column":0},"end":{"line":692,"column":0}},"692":{"start":{"line":693,"column":0},"end":{"line":693,"column":33}},"693":{"start":{"line":694,"column":0},"end":{"line":694,"column":35}},"694":{"start":{"line":695,"column":0},"end":{"line":695,"column":36}},"695":{"start":{"line":696,"column":0},"end":{"line":696,"column":43}},"696":{"start":{"line":697,"column":0},"end":{"line":697,"column":41}},"697":{"start":{"line":698,"column":0},"end":{"line":698,"column":40}},"698":{"start":{"line":699,"column":0},"end":{"line":699,"column":1}},"699":{"start":{"line":700,"column":0},"end":{"line":700,"column":0}},"700":{"start":{"line":701,"column":0},"end":{"line":701,"column":34}},"701":{"start":{"line":702,"column":0},"end":{"line":702,"column":32}},"702":{"start":{"line":703,"column":0},"end":{"line":703,"column":33}},"703":{"start":{"line":704,"column":0},"end":{"line":704,"column":33}},"704":{"start":{"line":705,"column":0},"end":{"line":705,"column":43}},"705":{"start":{"line":706,"column":0},"end":{"line":706,"column":38}},"706":{"start":{"line":707,"column":0},"end":{"line":707,"column":36}},"707":{"start":{"line":708,"column":0},"end":{"line":708,"column":42}},"708":{"start":{"line":709,"column":0},"end":{"line":709,"column":47}},"709":{"start":{"line":710,"column":0},"end":{"line":710,"column":47}},"710":{"start":{"line":711,"column":0},"end":{"line":711,"column":57}},"711":{"start":{"line":712,"column":0},"end":{"line":712,"column":57}},"712":{"start":{"line":713,"column":0},"end":{"line":713,"column":56}},"713":{"start":{"line":714,"column":0},"end":{"line":714,"column":54}},"714":{"start":{"line":715,"column":0},"end":{"line":715,"column":47}},"715":{"start":{"line":716,"column":0},"end":{"line":716,"column":38}},"716":{"start":{"line":717,"column":0},"end":{"line":717,"column":45}},"717":{"start":{"line":718,"column":0},"end":{"line":718,"column":52}},"718":{"start":{"line":719,"column":0},"end":{"line":719,"column":42}},"719":{"start":{"line":720,"column":0},"end":{"line":720,"column":45}},"720":{"start":{"line":721,"column":0},"end":{"line":721,"column":46}},"721":{"start":{"line":722,"column":0},"end":{"line":722,"column":38}},"722":{"start":{"line":723,"column":0},"end":{"line":723,"column":45}},"723":{"start":{"line":724,"column":0},"end":{"line":724,"column":33}},"724":{"start":{"line":725,"column":0},"end":{"line":725,"column":36}},"725":{"start":{"line":726,"column":0},"end":{"line":726,"column":43}},"726":{"start":{"line":727,"column":0},"end":{"line":727,"column":1}},"727":{"start":{"line":728,"column":0},"end":{"line":728,"column":0}},"728":{"start":{"line":729,"column":0},"end":{"line":729,"column":80}},"729":{"start":{"line":730,"column":0},"end":{"line":730,"column":34}},"730":{"start":{"line":731,"column":0},"end":{"line":731,"column":80}},"731":{"start":{"line":732,"column":0},"end":{"line":732,"column":0}},"732":{"start":{"line":733,"column":0},"end":{"line":733,"column":32}},"733":{"start":{"line":734,"column":0},"end":{"line":734,"column":42}},"734":{"start":{"line":735,"column":0},"end":{"line":735,"column":36}},"735":{"start":{"line":736,"column":0},"end":{"line":736,"column":40}},"736":{"start":{"line":737,"column":0},"end":{"line":737,"column":40}},"737":{"start":{"line":738,"column":0},"end":{"line":738,"column":56}},"738":{"start":{"line":739,"column":0},"end":{"line":739,"column":58}},"739":{"start":{"line":740,"column":0},"end":{"line":740,"column":56}},"740":{"start":{"line":741,"column":0},"end":{"line":741,"column":56}},"741":{"start":{"line":742,"column":0},"end":{"line":742,"column":42}},"742":{"start":{"line":743,"column":0},"end":{"line":743,"column":44}},"743":{"start":{"line":744,"column":0},"end":{"line":744,"column":1}},"744":{"start":{"line":745,"column":0},"end":{"line":745,"column":0}},"745":{"start":{"line":746,"column":0},"end":{"line":746,"column":43}},"746":{"start":{"line":747,"column":0},"end":{"line":747,"column":45}},"747":{"start":{"line":748,"column":0},"end":{"line":748,"column":35}},"748":{"start":{"line":749,"column":0},"end":{"line":749,"column":0}},"749":{"start":{"line":750,"column":0},"end":{"line":750,"column":76}},"750":{"start":{"line":751,"column":0},"end":{"line":751,"column":23}},"751":{"start":{"line":752,"column":0},"end":{"line":752,"column":37}},"752":{"start":{"line":753,"column":0},"end":{"line":753,"column":25}},"753":{"start":{"line":754,"column":0},"end":{"line":754,"column":27}},"754":{"start":{"line":755,"column":0},"end":{"line":755,"column":5}},"755":{"start":{"line":756,"column":0},"end":{"line":756,"column":1}},"756":{"start":{"line":757,"column":0},"end":{"line":757,"column":0}},"757":{"start":{"line":758,"column":0},"end":{"line":758,"column":80}},"758":{"start":{"line":759,"column":0},"end":{"line":759,"column":12}},"759":{"start":{"line":760,"column":0},"end":{"line":760,"column":80}},"760":{"start":{"line":761,"column":0},"end":{"line":761,"column":0}},"761":{"start":{"line":762,"column":0},"end":{"line":762,"column":44}},"762":{"start":{"line":763,"column":0},"end":{"line":763,"column":54}},"763":{"start":{"line":764,"column":0},"end":{"line":764,"column":13}},"764":{"start":{"line":765,"column":0},"end":{"line":765,"column":13}},"765":{"start":{"line":766,"column":0},"end":{"line":766,"column":13}},"766":{"start":{"line":767,"column":0},"end":{"line":767,"column":2}},"767":{"start":{"line":768,"column":0},"end":{"line":768,"column":0}},"768":{"start":{"line":769,"column":0},"end":{"line":769,"column":73}},"769":{"start":{"line":770,"column":0},"end":{"line":770,"column":47}},"770":{"start":{"line":771,"column":0},"end":{"line":771,"column":0}},"771":{"start":{"line":772,"column":0},"end":{"line":772,"column":30}},"772":{"start":{"line":773,"column":0},"end":{"line":773,"column":48}},"773":{"start":{"line":774,"column":0},"end":{"line":774,"column":13}},"774":{"start":{"line":775,"column":0},"end":{"line":775,"column":13}},"775":{"start":{"line":776,"column":0},"end":{"line":776,"column":13}},"776":{"start":{"line":777,"column":0},"end":{"line":777,"column":2}}},"s":{"0":1,"1":1,"2":1,"3":1,"4":1,"5":1,"6":1,"7":1,"8":1,"9":1,"10":1,"11":1,"12":1,"13":1,"14":1,"15":1,"16":1,"17":1,"18":1,"19":1,"20":1,"21":1,"22":1,"23":1,"24":1,"25":1,"26":1,"27":1,"28":1,"29":1,"30":1,"31":1,"32":1,"33":1,"34":1,"35":1,"36":1,"37":1,"38":1,"39":1,"40":1,"41":1,"42":1,"43":1,"44":1,"45":1,"46":1,"47":1,"48":1,"49":1,"50":1,"51":1,"52":1,"53":1,"54":1,"55":1,"56":1,"57":1,"58":1,"59":1,"60":1,"61":1,"62":1,"63":1,"64":1,"65":1,"66":1,"67":1,"68":1,"69":1,"70":1,"71":1,"72":1,"73":1,"74":1,"75":1,"76":1,"77":1,"78":1,"79":1,"80":1,"81":1,"82":1,"83":1,"84":1,"85":1,"86":1,"87":1,"88":1,"89":1,"90":1,"91":1,"92":1,"93":1,"94":1,"95":1,"96":1,"97":1,"98":1,"99":1,"100":1,"101":1,"102":1,"103":1,"104":1,"105":1,"106":1,"107":1,"108":1,"109":1,"110":1,"111":1,"112":1,"113":1,"114":1,"115":1,"116":1,"117":1,"118":1,"119":1,"120":1,"121":1,"122":1,"123":1,"124":1,"125":1,"126":1,"127":1,"128":1,"129":1,"130":1,"131":1,"132":1,"133":1,"134":1,"135":1,"136":1,"137":1,"138":1,"139":1,"140":1,"141":1,"142":1,"143":1,"144":1,"145":1,"146":1,"147":1,"148":1,"149":1,"150":1,"151":1,"152":1,"153":1,"154":1,"155":1,"156":1,"157":1,"158":1,"159":1,"160":1,"161":1,"162":1,"163":1,"164":1,"165":1,"166":1,"167":1,"168":1,"169":1,"170":1,"171":1,"172":1,"173":1,"174":1,"175":1,"176":1,"177":1,"178":1,"179":1,"180":1,"181":1,"182":1,"183":1,"184":1,"185":1,"186":1,"187":1,"188":1,"189":1,"190":1,"191":1,"192":1,"193":1,"194":1,"195":1,"196":1,"197":1,"198":1,"199":1,"200":1,"201":1,"202":1,"203":1,"204":1,"205":1,"206":1,"207":1,"208":1,"209":1,"210":1,"211":1,"212":1,"213":1,"214":1,"215":1,"216":1,"217":1,"218":1,"219":1,"220":1,"221":1,"222":1,"223":1,"224":1,"225":1,"226":1,"227":1,"228":1,"229":1,"230":1,"231":1,"232":1,"233":1,"234":1,"235":1,"236":1,"237":1,"238":1,"239":1,"240":1,"241":1,"242":1,"243":1,"244":1,"245":1,"246":1,"247":1,"248":1,"249":1,"250":1,"251":1,"252":1,"253":1,"254":1,"255":1,"256":1,"257":1,"258":1,"259":1,"260":1,"261":1,"262":1,"263":1,"264":1,"265":1,"266":1,"267":1,"268":1,"269":1,"270":1,"271":1,"272":1,"273":1,"274":1,"275":1,"276":1,"277":1,"278":1,"279":1,"280":1,"281":1,"282":1,"283":1,"284":1,"285":1,"286":1,"287":1,"288":1,"289":1,"290":1,"291":1,"292":1,"293":1,"294":1,"295":1,"296":1,"297":1,"298":1,"299":1,"300":1,"301":1,"302":1,"303":1,"304":1,"305":1,"306":1,"307":1,"308":1,"309":1,"310":1,"311":1,"312":1,"313":1,"314":1,"315":1,"316":1,"317":1,"318":1,"319":1,"320":1,"321":1,"322":1,"323":1,"324":1,"325":1,"326":1,"327":1,"328":1,"329":1,"330":1,"331":1,"332":1,"333":1,"334":1,"335":1,"336":1,"337":1,"338":1,"339":1,"340":1,"341":1,"342":1,"343":1,"344":1,"345":1,"346":1,"347":1,"348":1,"349":1,"350":1,"351":1,"352":1,"353":1,"354":1,"355":1,"356":1,"357":1,"358":1,"359":1,"360":1,"361":1,"362":1,"363":1,"364":1,"365":1,"366":1,"367":1,"368":1,"369":1,"370":1,"371":1,"372":1,"373":1,"374":1,"375":1,"376":1,"377":1,"378":1,"379":1,"380":1,"381":1,"382":1,"383":1,"384":1,"385":1,"386":1,"387":1,"388":1,"389":1,"390":1,"391":1,"392":1,"393":1,"394":1,"395":1,"396":1,"397":1,"398":1,"399":1,"400":1,"401":1,"402":1,"403":1,"404":1,"405":1,"406":1,"407":1,"408":1,"409":1,"410":1,"411":1,"412":1,"413":1,"414":1,"415":1,"416":1,"417":1,"418":1,"419":1,"420":1,"421":1,"422":1,"423":1,"424":1,"425":1,"426":1,"427":1,"428":1,"429":1,"430":1,"431":1,"432":1,"433":1,"434":1,"435":1,"436":1,"437":1,"438":1,"439":1,"440":1,"441":1,"442":1,"443":1,"444":1,"445":1,"446":1,"447":1,"448":1,"449":1,"450":1,"451":1,"452":1,"453":1,"454":1,"455":1,"456":1,"457":1,"458":1,"459":1,"460":1,"461":1,"462":1,"463":1,"464":1,"465":1,"466":1,"467":1,"468":1,"469":1,"470":1,"471":1,"472":1,"473":1,"474":1,"475":1,"476":1,"477":1,"478":1,"479":1,"480":1,"481":1,"482":1,"483":1,"484":1,"485":1,"486":1,"487":1,"488":1,"489":1,"490":1,"491":1,"492":1,"493":1,"494":1,"495":1,"496":1,"497":1,"498":1,"499":1,"500":1,"501":1,"502":1,"503":1,"504":1,"505":1,"506":1,"507":1,"508":1,"509":1,"510":1,"511":1,"512":1,"513":1,"514":1,"515":1,"516":1,"517":1,"518":1,"519":1,"520":1,"521":1,"522":1,"523":1,"524":1,"525":1,"526":1,"527":1,"528":1,"529":1,"530":1,"531":1,"532":1,"533":1,"534":1,"535":1,"536":1,"537":1,"538":1,"539":1,"540":1,"541":1,"542":1,"543":1,"544":1,"545":1,"546":1,"547":1,"548":1,"549":1,"550":1,"551":1,"552":1,"553":1,"554":1,"555":1,"556":1,"557":1,"558":1,"559":1,"560":1,"561":1,"562":1,"563":1,"564":1,"565":1,"566":1,"567":1,"568":1,"569":1,"570":1,"571":1,"572":1,"573":1,"574":1,"575":1,"576":1,"577":1,"578":1,"579":1,"580":1,"581":1,"582":1,"583":1,"584":1,"585":1,"586":1,"587":1,"588":1,"589":1,"590":1,"591":1,"592":1,"593":1,"594":1,"595":1,"596":1,"597":1,"598":1,"599":1,"600":1,"601":1,"602":1,"603":1,"604":1,"605":1,"606":1,"607":1,"608":0,"609":0,"610":0,"611":0,"612":0,"613":0,"614":0,"615":0,"616":0,"617":0,"618":1,"619":1,"620":1,"621":1,"622":1,"623":1,"624":1,"625":1,"626":1,"627":1,"628":1,"629":1,"630":1,"631":1,"632":1,"633":1,"634":1,"635":1,"636":1,"637":1,"638":1,"639":1,"640":1,"641":1,"642":1,"643":1,"644":1,"645":1,"646":1,"647":1,"648":1,"649":1,"650":1,"651":1,"652":1,"653":1,"654":1,"655":1,"656":1,"657":1,"658":1,"659":1,"660":1,"661":1,"662":1,"663":1,"664":1,"665":1,"666":1,"667":1,"668":1,"669":1,"670":1,"671":1,"672":1,"673":1,"674":1,"675":1,"676":1,"677":1,"678":1,"679":1,"680":1,"681":1,"682":1,"683":1,"684":1,"685":1,"686":1,"687":1,"688":1,"689":1,"690":1,"691":1,"692":1,"693":1,"694":1,"695":1,"696":1,"697":1,"698":1,"699":1,"700":1,"701":1,"702":1,"703":1,"704":1,"705":1,"706":1,"707":1,"708":1,"709":1,"710":1,"711":1,"712":1,"713":1,"714":1,"715":1,"716":1,"717":1,"718":1,"719":1,"720":1,"721":1,"722":1,"723":1,"724":1,"725":1,"726":1,"727":1,"728":1,"729":1,"730":1,"731":1,"732":1,"733":1,"734":1,"735":1,"736":1,"737":1,"738":1,"739":1,"740":1,"741":1,"742":1,"743":1,"744":1,"745":1,"746":0,"747":0,"748":0,"749":0,"750":0,"751":0,"752":0,"753":0,"754":0,"755":0,"756":1,"757":1,"758":1,"759":1,"760":1,"761":1,"762":1,"763":1,"764":1,"765":1,"766":1,"767":1,"768":1,"769":1,"770":1,"771":1,"772":1,"773":1,"774":1,"775":1,"776":1},"branchMap":{"0":{"type":"branch","line":21,"loc":{"start":{"line":21,"column":7},"end":{"line":21,"column":24}},"locations":[{"start":{"line":21,"column":7},"end":{"line":21,"column":24}}]},"1":{"type":"branch","line":92,"loc":{"start":{"line":92,"column":7},"end":{"line":92,"column":23}},"locations":[{"start":{"line":92,"column":7},"end":{"line":92,"column":23}}]},"2":{"type":"branch","line":155,"loc":{"start":{"line":155,"column":7},"end":{"line":155,"column":27}},"locations":[{"start":{"line":155,"column":7},"end":{"line":155,"column":27}}]},"3":{"type":"branch","line":174,"loc":{"start":{"line":174,"column":7},"end":{"line":174,"column":28}},"locations":[{"start":{"line":174,"column":7},"end":{"line":174,"column":28}}]},"4":{"type":"branch","line":184,"loc":{"start":{"line":184,"column":7},"end":{"line":184,"column":30}},"locations":[{"start":{"line":184,"column":7},"end":{"line":184,"column":30}}]},"5":{"type":"branch","line":224,"loc":{"start":{"line":224,"column":7},"end":{"line":224,"column":23}},"locations":[{"start":{"line":224,"column":7},"end":{"line":224,"column":23}}]},"6":{"type":"branch","line":252,"loc":{"start":{"line":252,"column":7},"end":{"line":252,"column":24}},"locations":[{"start":{"line":252,"column":7},"end":{"line":252,"column":24}}]},"7":{"type":"branch","line":294,"loc":{"start":{"line":294,"column":7},"end":{"line":294,"column":27}},"locations":[{"start":{"line":294,"column":7},"end":{"line":294,"column":27}}]},"8":{"type":"branch","line":343,"loc":{"start":{"line":343,"column":7},"end":{"line":343,"column":23}},"locations":[{"start":{"line":343,"column":7},"end":{"line":343,"column":23}}]},"9":{"type":"branch","line":361,"loc":{"start":{"line":361,"column":7},"end":{"line":361,"column":25}},"locations":[{"start":{"line":361,"column":7},"end":{"line":361,"column":25}}]},"10":{"type":"branch","line":398,"loc":{"start":{"line":398,"column":7},"end":{"line":398,"column":25}},"locations":[{"start":{"line":398,"column":7},"end":{"line":398,"column":25}}]},"11":{"type":"branch","line":413,"loc":{"start":{"line":413,"column":7},"end":{"line":413,"column":26}},"locations":[{"start":{"line":413,"column":7},"end":{"line":413,"column":26}}]},"12":{"type":"branch","line":459,"loc":{"start":{"line":459,"column":7},"end":{"line":459,"column":25}},"locations":[{"start":{"line":459,"column":7},"end":{"line":459,"column":25}}]},"13":{"type":"branch","line":469,"loc":{"start":{"line":469,"column":7},"end":{"line":469,"column":29}},"locations":[{"start":{"line":469,"column":7},"end":{"line":469,"column":29}}]},"14":{"type":"branch","line":497,"loc":{"start":{"line":497,"column":7},"end":{"line":497,"column":28}},"locations":[{"start":{"line":497,"column":7},"end":{"line":497,"column":28}}]},"15":{"type":"branch","line":516,"loc":{"start":{"line":516,"column":7},"end":{"line":516,"column":30}},"locations":[{"start":{"line":516,"column":7},"end":{"line":516,"column":30}}]},"16":{"type":"branch","line":533,"loc":{"start":{"line":533,"column":7},"end":{"line":533,"column":24}},"locations":[{"start":{"line":533,"column":7},"end":{"line":533,"column":24}}]},"17":{"type":"branch","line":598,"loc":{"start":{"line":598,"column":7},"end":{"line":598,"column":29}},"locations":[{"start":{"line":598,"column":7},"end":{"line":598,"column":29}}]},"18":{"type":"branch","line":733,"loc":{"start":{"line":733,"column":7},"end":{"line":733,"column":32}},"locations":[{"start":{"line":733,"column":7},"end":{"line":733,"column":32}}]}},"b":{"0":[4],"1":[4],"2":[4],"3":[4],"4":[4],"5":[4],"6":[4],"7":[4],"8":[4],"9":[4],"10":[4],"11":[4],"12":[4],"13":[4],"14":[4],"15":[4],"16":[4],"17":[4],"18":[4]},"fnMap":{"0":{"name":"<instance_members_initializer>","decl":{"start":{"line":608,"column":39},"end":{"line":618,"column":1}},"loc":{"start":{"line":608,"column":39},"end":{"line":618,"column":1}},"line":608},"1":{"name":"<instance_members_initializer>","decl":{"start":{"line":746,"column":42},"end":{"line":756,"column":1}},"loc":{"start":{"line":746,"column":42},"end":{"line":756,"column":1}},"line":746}},"f":{"0":0,"1":0}}
}
